         w __cxa_pure_virtual
         w __deregister_frame_info
         w __gnu_Unwind_Find_exidx
         w __register_frame_info
         w pthread_cancel
         w pthread_cond_broadcast
         w pthread_cond_wait
         w pthread_getspecific
         w pthread_key_create
         w pthread_key_delete
         w pthread_mutex_lock
         w pthread_mutex_unlock
         w pthread_once
         w pthread_setspecific
         w userAppExit
         w userAppInit
00000000 00000802 B __ctru_dev_utf16_buf
00000000 A __sync_synchronize
00000000 b _TLS_MODULE_BASE_
00000000 a shift
00000000 a shift
00000804 00000401 B __ctru_dev_path_buf
00100000 A __start__
00100000 T _start
00100008 T __service_ptr
0010000c T __apt_appid
00100010 T __heap_size
00100014 T __linear_heap_size
00100018 T __system_arglist
0010001c T __system_runflags
00100020 t startup
00100058 t ClearMem
0010006c t ClrLoop
00100094 T _init
001000ac t .udivsi3_skip_div0_test
001000ac T __aeabi_uidiv
001000ac 000001ec T __udivsi3
00100298 00000020 T __aeabi_uidivmod
001002b8 T __aeabi_idiv
001002b8 00000220 T __divsi3
001002c0 t .divsi3_skip_div0_test
001004d8 00000020 T __aeabi_idivmod
001004f8 00000004 W __aeabi_idiv0
001004f8 00000004 W __aeabi_ldiv0
001004fc T __aeabi_drsub
00100504 000002b0 T __aeabi_dsub
00100504 000002b0 T __subdf3
00100508 000002ac T __adddf3
00100508 000002ac T __aeabi_dadd
001007b4 00000024 T __aeabi_ui2d
001007b4 00000024 T __floatunsidf
001007d8 00000028 T __aeabi_i2d
001007d8 00000028 T __floatsidf
00100800 00000048 T __aeabi_f2d
00100800 00000048 T __extendsfdf2
00100848 00000074 T __aeabi_ul2d
00100848 00000074 T __floatundidf
0010085c 00000060 T __aeabi_l2d
0010085c 00000060 T __floatdidf
001008bc 0000019c T __aeabi_frsub
001008c4 00000194 T __aeabi_fsub
001008c4 00000194 T __subsf3
001008c8 00000190 T __addsf3
001008c8 00000190 T __aeabi_fadd
00100a58 00000028 T __aeabi_ui2f
00100a58 00000028 T __floatunsisf
00100a60 00000020 T __aeabi_i2f
00100a60 00000020 T __floatsisf
00100a80 0000008c T __aeabi_ul2f
00100a80 0000008c T __floatundisf
00100a90 0000007c T __aeabi_l2f
00100a90 0000007c T __floatdisf
00100b0c T __aeabi_ldivmod
00100be0 T __aeabi_uldivmod
00100c1c 00000014 T __restore_core_regs
00100c1c 00000014 T restore_core_regs
00100c30 T __gnu_Unwind_Restore_VFP
00100c38 T __gnu_Unwind_Save_VFP
00100c40 T __gnu_Unwind_Restore_VFP_D
00100c48 T __gnu_Unwind_Save_VFP_D
00100c50 T __gnu_Unwind_Restore_VFP_D_16_to_31
00100c58 T __gnu_Unwind_Save_VFP_D_16_to_31
00100c60 T __gnu_Unwind_Restore_WMMXD
00100ca4 T __gnu_Unwind_Save_WMMXD
00100ce8 T __gnu_Unwind_Restore_WMMXC
00100cfc T __gnu_Unwind_Save_WMMXC
00100d10 00000024 T ___Unwind_RaiseException
00100d10 00000024 T _Unwind_RaiseException
00100d34 00000024 T ___Unwind_Resume
00100d34 00000024 T _Unwind_Resume
00100d58 00000024 T ___Unwind_Resume_or_Rethrow
00100d58 00000024 T _Unwind_Resume_or_Rethrow
00100d7c 00000024 T ___Unwind_ForcedUnwind
00100d7c 00000024 T _Unwind_ForcedUnwind
00100da0 00000024 T ___Unwind_Backtrace
00100da0 00000024 T _Unwind_Backtrace
00100de8 00000390 T strcmp
00101170 t __do_global_dtors_aux
001011c0 t frame_dummy
001011ec 0000007c t fillBuffer(tag_ndspWaveBuf*)
00101268 00000080 t audioThreadFunc(void*)
001012e8 0000001c t audioNDSPCallback(void*)
00101304 0000004c t audioManagerStop() [clone .part.0]
00101350 00000110 T audioManagerInit()
00101460 0000003c T audioManagerExit()
0010149c 0000012c T audioManagerPlay(char const*)
001015c8 00000018 T audioManagerStop()
001015e0 0000000c t __tcf_ZZ17getRandomBartTypevE2rd
001015ec 000000bc t void std::vector<double, std::allocator<double> >::_M_realloc_append<double const&>(double const&) [clone .isra.0]
001016a8 0000005c t __tcf_ZZ17getRandomBartTypevE4dist
00101704 00000110 T drawBarts()
00101814 0000026c T initBarts(SpriteManager*)
00101a80 00000068 T addBart(float, float, BartType)
00101ae8 00000158 T updateBartsAfterPhysics()
00101c40 000001d4 T findBart(touchPosition, int*, SpriteManager*)
00101e14 00000040 T deinitBart(Bart*)
00101e54 000000c8 T addMultiplier(int*, Bart)
00101f1c 000000b0 T counting()
00101fd0 000001b4 W std::discrete_distribution<int>::param_type::_M_initialize()
00102184 000000d0 W std::mersenne_twister_engine<unsigned int, 32u, 624u, 397u, 31u, 2567483615u, 11u, 4294967295u, 7u, 2636928640u, 15u, 4022730752u, 18u, 1812433253u>::_M_gen_rand()
00102258 00000318 T getRandomBartType()
00102570 00000118 T spawnBarts()
00102688 00000048 t _GLOBAL__sub_I_roundtimer
001026d0 00000004 W b2ContactListener::EndContact(b2Contact*)
001026d4 00000004 W b2ContactListener::PreSolve(b2Contact*, b2Manifold const*)
001026d8 00000004 W b2ContactListener::PostSolve(b2Contact*, b2ContactImpulse const*)
001026dc 00000004 W CollisionListener::~CollisionListener()
001026dc 00000004 W CollisionListener::~CollisionListener()
001026e0 00000124 T CollisionListener::BeginContact(b2Contact*)
00102804 00000020 W CollisionListener::~CollisionListener()
00102824 00000010 T DeltaTime_Get()
00102834 00000044 T DeltaTime_Update()
00102878 0000003c T onStartButtonClick()
001028b4 00000094 t void std::__cxx11::basic_string<char, std::char_traits<char>, std::allocator<char> >::_M_construct<char const*>(char const*, char const*, std::forward_iterator_tag) [clone .isra.0]
00102948 0000011c t drawTransition() [clone .part.0]
00102a64 00000990 t texts() [clone .part.0]
001033f4 00000914 t drawTop(C3D_RenderTarget_tag*) [clone .part.0]
00103d08 00000074 T initSOC()
00103d7c 0000002c T texts()
00103da8 000000cc T loadUI()
00103e74 00000198 T loadSprites()
0010400c 0000007c T drawTop(C3D_RenderTarget_tag*)
00104088 00000324 T drawBottom(C3D_RenderTarget_tag*)
001043ac 0000028c T main
00104638 0000007c t _GLOBAL__sub_I_gamestate
001046b4 00000028 t _GLOBAL__sub_D_gamestate
001046dc 00000010 T PixelsToMeters(float)
001046ec 00000010 T MetersToPixels(float)
001046fc 00000234 T PhysicsManager_Init()
00104930 00000018 T PhysicsManager_Update(float)
00104948 000001c4 T PhysicsManager_SpawnPlayer(float, float)
00104b0c 00000010 T PhysicsManager_GetPlayer()
00104b1c 00000010 T PhysicsManager_GetWorld()
00104b2c 00000030 T changeScene(SceneManager*, int)
00104b5c 0000000c T SpriteManager_Init(SpriteManager*)
00104b68 00000060 T SpriteManager_Load(SpriteManager*, char const*, char const*)
00104bc8 00000054 T SpriteManager_GetSheet(SpriteManager*, char const*)
00104c1c 00000040 T SpriteManager_Free(SpriteManager*)
00104c5c 00000040 T UIButton_Init(UIButton*, C2D_SpriteSheet_s*, int, float, float, float, float)
00104c9c 00000010 T UIButton_SetHoverSprite(UIButton*, int)
00104cac 00000010 T UIButton_SetPressedSprite(UIButton*, int)
00104cbc 000000c4 T UIButton_Update(UIButton*, touchPosition)
00104d80 000000f0 T UIButton_Draw(UIButton*)
00104e70 0000009c T UIText::Init(std::__cxx11::basic_string<char, std::char_traits<char>, std::allocator<char> > const&, C2D_Font_s*, float, float, float, unsigned long)
00104f0c 0000005c T UIText::SetText(std::__cxx11::basic_string<char, std::char_traits<char>, std::allocator<char> > const&)
00104f68 00000040 T UIText::Draw() const
00104fa8 00000034 T UIText::Free()
00104fdc 00000044 t C2Di_FrameEndHook
00105020 0000036c T C2D_Init
0010538c 0000004c T C2D_Fini
001053d8 000000b8 T C2D_Prepare
00105490 00000048 T C2D_Flush
001054d8 00000104 T C2D_SceneSize
001055dc 00000058 T C2D_CreateScreenTarget
00105634 00000064 T C2D_TargetClear
00105698 0000013c T C2Di_CalcQuad
001057d4 00000058 T C2Di_AppendQuad
0010582c 00000040 T C2Di_AppendVtx
0010586c 00000550 T C2Di_Update
00105dbc 000002b0 T C2D_DrawImage
0010606c 00000158 T C2D_DrawRectangle
001061c4 00000018 t C2Di_GlyphComp
001061dc 00000140 t C2Di_CalcLineWidths
0010631c 000001dc T C2D_TextBufNew
001064f8 00000004 T C2D_TextBufDelete
001064fc 000001c8 T C2D_TextFontParseLine
001066c4 000000a8 T C2D_TextFontParse
0010676c 00000014 T C2D_TextParse
00106780 00000030 T C2D_TextOptimize
001067b0 00000f6c T C2D_DrawText
0010771c 0000006c T C2D_SpriteSheetLoadFromHandle
00107788 00000048 T C2D_SpriteSheetLoad
001077d0 00000028 T C2D_SpriteSheetFree
001077f8 0000002c T C2D_SpriteSheetGetImage
00107824 00000028 T C2D_FontFree
0010784c 000000e8 t C2Di_PostLoadFont
00107934 000000b4 T C2D_FontLoadFromHandle
001079e8 00000034 T C2D_FontLoad
00107a1c 00000044 T C2D_FontGlyphIndexFromCodePoint
00107a60 00000078 T C2D_FontCalcGlyphPos
00107ad8 00000028 T AttrInfo_Init
00107b00 00000094 T AttrInfo_AddLoader
00107b94 00000054 T C3D_SetAttrInfo
00107be8 00000080 T C3Di_AttrInfoBind
00107c68 00000004 W C3Di_LightEnvUpdate
00107c6c 00000004 W C3Di_LightEnvDirty
00107c70 000000b4 t C3Di_AptEventHook
00107d24 00000004 W C3Di_GasUpdate
00107d28 000001d0 T C3D_Init
00107ef8 00000098 T C3D_SetViewport
00107f90 000004e8 T C3Di_UpdateContext
00108478 000000e0 T C3Di_SplitFrame
00108558 00000044 T C3D_Fini
0010859c 00000194 T C3D_BindProgram
00108730 00000024 T BufInfo_Init
00108754 00000080 T BufInfo_Add
001087d4 0000003c T C3D_SetBufInfo
00108810 00000048 T C3Di_BufInfoBind
00108858 0000021c T C3D_DrawElements
00108a74 00000040 T C3D_DepthMap
00108ab4 0000001c T C3D_CullFace
00108ad0 00000040 T C3D_StencilTest
00108b10 00000024 T C3D_StencilOp
00108b34 0000001c T C3D_BlendingColor
00108b50 00000024 T C3D_EarlyDepthTest
00108b74 0000002c T C3D_DepthTest
00108ba0 0000002c T C3D_AlphaTest
00108bcc 00000050 T C3D_AlphaBlend
00108c1c 00000030 T C3D_FragOpMode
00108c4c 00000044 T C3D_FragOpShadow
00108c90 000001ac T C3Di_EffectBind
00108e3c 0000001c T C3D_CalcColorBufSize
00108e58 0000001c T C3D_CalcDepthBufSize
00108e74 00000044 T C3D_SetFrameBuf
00108eb8 0000016c T C3Di_FrameBufBind
00109024 000000c8 T C3D_FrameBufClear
001090ec 00000044 T C3D_FrameBufTransfer
00109130 000000a8 T C3D_ImmSendAttrib
001091d8 00000070 T C3D_ProcTexInit
00109248 00000054 T C3D_ProcTexBind
0010929c 0000005c T C3D_ProcTexLutBind
001092f8 000000a4 T ProcTexLut_FromArray
0010939c 00000178 T C3Di_ProcTexUpdate
00109514 00000068 T C3Di_ProcTexDirty
0010957c 0000004c t onVBlank0
001095c8 0000004c t onVBlank1
00109614 00000080 t C3Di_RenderTargetDestroy
00109694 000000f4 t onQueueFinish
00109788 00000038 T C3Di_RenderQueueEnableVBlank
001097c0 00000030 T C3Di_RenderQueueDisableVBlank
001097f0 00000060 T C3Di_RenderQueueInit
00109850 000000b4 T C3Di_RenderQueueExit
00109904 00000034 T C3Di_RenderQueueWaitDone
00109938 000000e8 T C3D_FrameBegin
00109a20 00000048 T C3D_FrameDrawOn
00109a68 00000058 T C3D_FrameSplit
00109ac0 000001d0 T C3D_FrameEnd
00109c90 0000001c T C3D_FrameEndHook
00109cac 00000170 T C3D_RenderTargetCreate
00109e1c 000000a8 T C3D_RenderTargetSetOutput
00109ec4 000000fc T C3D_SyncTextureCopy
00109fc0 000003d8 t Tex3DSi_ImportCommon
0010a398 00000038 T Tex3DS_TextureImportStdio
0010a3d0 0000001c T Tex3DS_GetSubTexture
0010a3ec 00000004 T Tex3DS_TextureFree
0010a3f0 00000034 T C3D_GetTexEnv
0010a424 00000024 T C3Di_TexEnvBind
0010a448 00000290 T C3D_TexInitWithParams
0010a6d8 000000c8 T C3D_TexLoadImage
0010a7a0 00000044 T C3D_TexBind
0010a7e4 00000074 T C3D_TexDelete
0010a858 0000014c T C3Di_SetTex
0010a9a4 00000290 T C3D_UpdateUniforms
0010ac34 000000c0 T C3Di_DirtyUniforms
0010acf4 000000d8 T C3Di_LoadShaderUniforms
0010adcc 00000028 T C3Di_ClearShaderUniforms
0010adf4 000000cc T Mtx_Ortho
0010aec0 000000cc T Mtx_OrthoTilt
0010af8c 00000024 t addrMapNodeComparator(rbtree_node const*, rbtree_node const*)
0010afb0 00000004 t addrMapNodeDestructor(rbtree_node*)
0010afb4 0000012c T linearMemAlign
0010b0e0 00000008 T linearAlloc
0010b0e8 0000005c T linearFree
0010b144 00000088 T MemPool::CoalesceRight(MemBlock*)
0010b1cc 00000178 T MemPool::Allocate(MemChunk&, unsigned long, int)
0010b344 00000118 T MemPool::Deallocate(MemChunk const&)
0010b45c 00000030 T MemPool::GetFreeSpace()
0010b48c 00000024 t addrMapNodeComparator(rbtree_node const*, rbtree_node const*)
0010b4b0 00000004 t addrMapNodeDestructor(rbtree_node*)
0010b4b4 00000248 T vramMemAlignAt
0010b6fc 0000000c T vramAlloc
0010b708 0000000c T vramAllocAt
0010b714 00000094 T vramFree
0010b7a8 000000d8 T link3dsConnectToHost
0010b880 0000009c T fontEnsureMapped
0010b91c 0000007c T fontFixPointers
0010b998 00000100 T fontGlyphIndexFromCodePoint
0010ba98 00000214 T fontCalcGlyphPos
0010bcac 000000cc t gfxPresentFramebuffer
0010bd78 0000001c T gfxIsWide
0010bd94 000000f8 T gfxSetScreenFormat
0010be8c 000000d8 T gfxInit
0010bf64 00000010 T gfxInitDefault
0010bf74 000000b8 T gfxExit
0010c02c 000000a0 T gfxGetFramebuffer
0010c0cc 00000028 T gfxScreenSwapBuffers
0010c0f4 00000074 T osConvertVirtToPhys
0010c168 00000054 T osGetTimeRef
0010c1bc 000000ec T osGetTime
0010c2a8 00000034 T __ctru_speedup_config
0010c2dc 00000008 t romfs_close
0010c2e4 000000ac t romfs_seek
0010c390 00000024 t romfs_dirreset
0010c3b4 000000c0 t fill_dir
0010c474 000002ac t romfs_dirnext
0010c720 00000074 t romfs_free
0010c794 000000d0 t searchForFile.constprop.0
0010c864 000000d4 t searchForDir.constprop.0
0010c938 000001c0 t navigateToDir.constprop.0
0010caf8 00000114 t romfs_open
0010cc0c 0000004c t romfs_chdir
0010cc58 00000068 t romfs_diropen
0010ccc0 00000178 t romfs_stat
0010ce38 00000008 t romfs_dirclose
0010ce40 0000007c t romfs_fstat
0010cebc 000000d0 t romfs_read
0010cf8c 0000028c T romfsMountFromFile
0010d218 00000098 T romfsMountFromCurrentProcess
0010d2b0 00000258 T romfsMountSelf
0010d508 000000a0 T romfsUnmount
0010d5a8 0000000c T __sync_init
0010d5b4 00000018 T __sync_fini
0010d5cc 00000028 T syncArbitrateAddress
0010d5f4 0000001c T LightLock_Init
0010d610 000000ac T LightLock_Lock
0010d6bc 00000040 T LightLock_Unlock
0010d6fc 00000054 T RecursiveLock_Lock
0010d750 00000054 T RecursiveLock_Unlock
0010d7a4 00000044 T LightEvent_Init
0010d7e8 000000b8 T LightEvent_Clear
0010d8a0 000000dc T LightEvent_Signal
0010d97c 00000050 T LightEvent_TryWait
0010d9cc 000000ac T LightEvent_Wait
0010da78 000001fc T threadCreate
0010dc74 00000038 T threadFree
0010dcac 00000024 T threadJoin
0010dcd0 00000030 T threadGetCurrent
0010dd00 00000040 T threadExit
0010dd40 00000020 t _thread_begin
0010dd60 0000013c T GPUCMD_Add
0010de9c 000000b0 T GPUCMD_Split
0010df4c 00000034 T f32tof16
0010df80 00000034 T f32tof24
0010dfb4 00000038 T f32tof31
0010dfec 00000010 T GX_BindQueue
0010dffc 0000007c T GX_ProcessCommandList
0010e078 00000074 T GX_MemoryFill
0010e0ec 00000074 T GX_DisplayTransfer
0010e160 00000078 T GX_TextureCopy
0010e1d8 00000064 t gxCmdQueueDoCommands.part.0
0010e23c 000000e4 T gxCmdQueueInterrupt
0010e320 00000068 T gxCmdQueueClear
0010e388 00000108 T gxCmdQueueAdd
0010e490 00000080 T gxCmdQueueRun
0010e510 00000064 T gxCmdQueueStop
0010e574 0000008c T gxCmdQueueWait
0010e600 000001e0 T shaderInstanceInit
0010e7e0 00000018 T shaderInstanceGetUniformLocation
0010e7f8 0000001c T shaderProgramInit
0010e814 00000074 T shaderProgramFree
0010e888 00000094 T shaderProgramSetVsh
0010e91c 000008d0 T shaderProgramConfigure
0010f1ec 000001dc t DVLE_GenerateOutmap.part.0
0010f3c8 000001ac T DVLB_ParseFile
0010f574 00000050 T DVLB_Free
0010f5c4 00000074 T DVLE_GetUniformRegister
0010f638 00000158 t ndspUpdateMaster
0010f790 00000108 t ndspFinalize
0010f898 00000254 t ndspInitialize.part.0
0010faec 00000108 t ndspHookCallback
0010fbf8 00000318 t ndspThreadMain
0010ff10 000003f0 T ndspInit
00110300 000000d8 T ndspExit
001103d8 0000003c T ndspSetMasterVol
00110414 00000034 T ndspSetOutputMode
00110448 00000010 T ndspSetCallback
00110458 000000e0 T ndspChnReset
00110538 00000018 T ndspChnSetFormat
00110550 00000050 T ndspChnSetInterp
001105a0 00000060 T ndspChnSetRate
00110600 00000080 T ndspChnSetMix
00110680 000000c8 T ndspChnWaveBufAdd
00110748 00000040 T ndspiInitChn
00110788 0000002c T ndspiDirtyChn
001107b4 0000043c T ndspiUpdateChn
00110bf0 00000180 T ndspiReadChnState
00110d70 00000180 t aptConvertScreenForCapture
00110ef0 00000138 T aptSendCommand
00111028 00000044 t aptExitProcess
0011106c 00000394 T aptExit
00111400 000000d8 T aptHandleSleep
001114d8 00000034 T aptHook
0011150c 00000030 T aptUnhook
0011153c 00000084 T APT_SleepIfShellClosed
001115c0 00000078 T aptSetSleepAllowed
00111638 00000084 T APT_UnlockTransition
001116c0 00000470 t aptEventHandler
00111b30 000000bc T APT_ReceiveParameter
00111bec 000000b0 t aptReceiveParameter.constprop.0
00111ca0 00000294 t aptScreenTransfer
00111f34 000002d0 t aptWaitForWakeUp.isra.0
00112204 000000f4 T aptJumpToHomeMenu
001122f8 00000058 T aptMainLoop
00112350 00000240 T aptInit
00112590 00000090 T APT_CheckNew3DS
00112620 00000048 T APT_GetSharedFont
00112668 000000a8 T cfguInit
00112710 0000003c T cfguExit
0011274c 0000004c T CFGU_GetConfigInfoBlk2
00112798 000000a4 t DSP_LoadComponent.part.0
0011283c 000000fc T dspInit
00112938 0000008c T dspExit
001129c4 00000024 T dspHook
001129e8 00000030 T dspUnhook
00112a18 000000b4 T aptDspSleep
00112acc 000000b4 T aptDspWakeup
00112b80 00000044 T aptDspCancel
00112bc4 00000050 T DSP_FlushDataCache
00112c14 00000034 T DSP_SetSemaphore
00112c48 00000034 T DSP_SetSemaphoreMask
00112c7c 00000038 T DSP_GetSemaphoreHandle
00112cb4 0000003c T DSP_LoadComponent
00112cf0 00000044 T DSP_RegisterInterruptEvents
00112d34 00000078 T DSP_ReadPipeIfPossible
00112dac 0000004c T DSP_WriteProcessPipe
00112df8 00000044 T DSP_ConvertProcessAddressFromDspDram
00112e3c 00000044 T DSP_RecvData
00112e80 00000050 T DSP_RecvDataIsReady
00112ed0 00000104 T fsInit
00112fd4 0000003c T fsExit
00113010 00000068 T fsExemptFromSession
00113078 00000050 T fsUnexemptFromSession
001130c8 000000cc T FSUSER_OpenFile
00113194 000000cc T FSUSER_OpenFileDirectly
00113260 000000b8 T FSUSER_DeleteFile
00113318 000000f4 T FSUSER_RenameFile
0011340c 000000b8 T FSUSER_DeleteDirectory
001134c4 000000d0 T FSUSER_CreateFile
00113594 000000c0 T FSUSER_CreateDirectory
00113654 000000f4 T FSUSER_RenameDirectory
00113748 000000b4 T FSUSER_OpenDirectory
001137fc 00000090 T FSUSER_OpenArchive
0011388c 0000008c T FSUSER_CloseArchive
00113918 00000074 T FSUSER_GetSdmcArchiveResource
0011398c 00000064 T FSUSER_IsSdmcWritable
001139f0 00000064 T FSFILE_Read
00113a54 0000006c T FSFILE_Write
00113ac0 00000044 T FSFILE_GetSize
00113b04 00000028 T FSFILE_SetSize
00113b2c 0000003c T FSFILE_Close
00113b68 00000024 T FSFILE_Flush
00113b8c 00000060 T FSDIR_Read
00113bec 0000003c T FSDIR_Close
00113c28 00000c70 t gspHardwareInit
00114898 00000280 T gspInit
00114b18 00000110 T gspExit
00114c28 00000010 T gspHasGpuRight
00114c38 000000a4 T gspPresentBuffer
00114cdc 00000030 T gspSetEventCallback
00114d0c 00000050 T gspWaitForEvent
00114d5c 0000004c T gspWaitForAnyEvent
00114da8 00000154 t gspEventThreadMain
00114efc 0000012c T gspSubmitGxCommand
00115028 00000050 T GSPGPU_FlushDataCache
00115078 00000034 T GSPGPU_SetLcdForceBlack
001150ac 00000080 T GSPGPU_AcquireRight
0011512c 0000005c T GSPGPU_ReleaseRight
00115188 0000007c T GSPGPU_ImportDisplayCaptureInfo
00115204 0000002c T GSPGPU_SaveVramSysArea
00115230 0000002c T GSPGPU_RestoreVramSysArea
0011525c 00000024 W hidShouldUseIrrst
00115280 000001cc T hidInit
0011544c 000000e8 T hidExit
00115534 000002a0 T hidScanInput
001157d4 00000010 T hidKeysHeld
001157e4 00000010 T hidKeysDown
001157f4 00000010 T hidKeysUp
00115804 00000018 T hidTouchRead
0011581c 000001a4 T irrstInit
001159c0 000000dc T irrstExit
00115a9c 000000b4 T irrstScanInput
00115b50 00000024 T irrstKeysHeld
00115b74 00000078 T ptmSysmInit
00115bec 0000003c T ptmSysmExit
00115c28 00000034 T PTMSYSM_ConfigureNew3DSCPU
00115c5c 00000174 T connect
00115dd0 00000014 t soc_open
00115de4 00000034 t soc_read
00115e18 00000034 t soc_write
00115e4c 000000b0 t soc_close
00115efc 00000190 T socInit
0011608c 00000088 T socExit
00116114 00000148 T socuipc_cmd7
0011625c 00000168 T socuipc_cmd8
001163c4 00000010 T soc_recvfrom
001163d4 0000015c T socuipc_cmd9
00116530 00000160 T socuipc_cmda
00116690 00000010 T soc_sendto
001166a0 0000016c T socket
0011680c 000000e0 t buffer_read
001168ec 000000cc t iov_read
001169b8 00000164 t iov_memmove
00116b1c 000001e0 t decompress_rle
00116cfc 00000264 t decompress_lzss
00116f60 00000418 t decompress_lz11
00117378 0000031c t decompress_huff.isra.0
00117694 00000010 T decompressCallback_Stdio
001176a4 000000e4 T decompressHeader
00117788 0000021c T decompressV
001179a4 00000074 T rbtree_find
00117a18 00000010 T rbtree_init
00117a28 00000198 t do_insert
00117bc0 00000008 T rbtree_insert
00117bc8 00000310 T rbtree_remove
00117ed8 00000090 T rbtree_rotate
00117f68 00000140 T decode_utf8
001180a8 000000e8 T utf16_to_utf8
00118190 000000c0 T utf8_to_utf16
00118250 000001e8 W __system_allocateHeaps
00118438 00000038 W __libctru_init
00118470 0000016c W __system_initArgv
001185dc 00000030 T __syscall_getreent
0011860c 00000064 T __syscall_gettod_r
00118670 00000004 T __syscall_lock_acquire
00118674 00000004 T __syscall_lock_release
00118678 00000004 T __syscall_lock_acquire_recursive
0011867c 00000004 T __syscall_lock_release_recursive
00118680 00000004 T __syscall_exit
00118684 00000054 T initThreadVars
001186d8 00000080 T __system_initSyscalls
00118758 T svcControlMemory
00118778 T svcQueryMemory
001187a8 T svcExitProcess
001187b0 T svcCreateThread
001187d0 T svcExitThread
001187d8 T svcSleepThread
001187e0 T svcGetThreadPriority
001187f4 T svcReleaseMutex
001187fc T svcCreateEvent
00118810 T svcSignalEvent
00118818 T svcClearEvent
00118820 T svcCreateMemoryBlock
00118838 T svcMapMemoryBlock
00118840 T svcUnmapMemoryBlock
00118848 T svcCreateAddressArbiter
0011885c T svcArbitrateAddressNoTimeout
00118864 T svcCloseHandle
0011886c T svcWaitSynchronization
00118874 T svcWaitSynchronizationN
0011889c T svcDuplicateHandle
001188b0 T svcGetSystemTick
001188b8 T svcConnectToPort
001188cc T svcSendSyncRequest
001188d4 T svcGetResourceLimit
001188e8 T svcGetResourceLimitLimitValues
001188f0 T svcGetResourceLimitCurrentValues
001188f8 T svcBreak
00118900 T __aeabi_read_tp
0011890c W initSystem
0011895c W __ctru_exit
00118970 0000008c W envGetHandle
001189fc 00000050 W envDestroyHandles
00118a4c 00000164 T srvInit
00118bb0 00000064 T srvExit
00118c14 00000060 T srvEnableNotification
00118c74 000000a0 T srvGetServiceHandleDirect
00118d14 00000048 T srvGetServiceHandle
00118d5c 00000034 T srvSubscribe
00118d90 00000060 T srvReceiveNotification
00118df0 00000038 T srvPublishToSubscriber
00118e28 00000090 t mappableFindAddressWithin
00118eb8 00000028 T mappableInit
00118ee0 0000007c T mappableAlloc
00118f5c 00000004 T mappableFree
00118f60 0000000c T srvPmGetSessionHandle
00118f6c 0000003c T _net_convert_error
00118fa8 00000060 T rbtree_node_next
00119008 00000054 T decode_utf16
0011905c 00000054 T encode_utf16
001190b0 000000e0 T encode_utf8
00119190 00000030 W __appExit
001191c0 00000030 W __appInit
001191f0 00000090 W __libctru_exit
00119280 00000014 t archive_link
00119294 00000014 t archive_dirreset
001192a8 00000014 t archive_chmod
001192bc 00000024 t error_cmp
001192e0 00000050 t archive_translate_error
00119330 000000c0 t archive_seek
001193f0 00000078 t _archiveInit.part.0
00119468 000000d4 t archiveFindDevice.part.0
0011953c 00000298 t archive_utf16path
001197d4 00000098 t _archiveUnmountDeviceStruct.part.0
0011986c 00000014 t archive_statvfs
00119880 00000014 t archive_fchmod
00119894 00000178 t _archiveMountDevice
00119a0c 000000f8 t archive_diropen
00119b04 000000ac t archive_fstat
00119bb0 00000074 t archive_fsync
00119c24 00000074 t archive_close
00119c98 00000078 t archive_dirclose
00119d10 000000ec t sdmc_statvfs
00119dfc 000000f8 t archive_chdir
00119ef4 0000008c t archive_ftruncate
00119f80 000000bc t archive_read
0011a03c 000000a8 t archive_unlink
0011a0e4 000000c0 t archive_rmdir
0011a1a4 000000d8 t archive_mkdir
0011a27c 000001a0 t archive_stat
0011a41c 00000164 t archive_dirnext
0011a580 0000013c t archive_write
0011a6c0 00000254 t archive_open
0011a914 00000270 t archive_rename
0011ab84 000001c8 T archiveMountSdmc
0011ad4c 00000054 T archiveUnmountAll
0011ada0 00000104 t op_granpos_add
0011aea4 000000fc t op_stereo_filter
0011afa0 00000178 t op_get_next_page
0011b118 000002e4 t op_fetch_headers_impl
0011b3fc 000000a8 t op_fetch_headers
0011b4a4 00000038 t op_get_packet_duration
0011b4dc 00000098 t op_collect_audio_packets
0011b574 000000d4 t op_clear
0011b648 0000006c t op_seek_helper
0011b6b4 00000438 t op_float2short_filter
0011baec 000000a4 t op_decode
0011bb90 000000e4 t op_rescale64.part.0
0011bc74 000000e4 t op_granpos_diff
0011bd58 00000394 t op_find_initial_pcm_offset
0011c0ec 00000308 t op_find_final_pcm_offset
0011c3f4 000000cc t op_update_gain.part.7
0011c4c0 00000140 t op_make_decode_ready.part.8
0011c600 000008fc t op_fetch_and_process_page
0011cefc 000000b4 t op_float2short_stereo_filter
0011cfb0 00000408 t op_read_native.part.10
0011d3b8 000000b8 t op_filter_read_native
0011d470 00000ea4 t op_open_seekable2
0011e314 00000064 t op_open2
0011e378 00000244 T op_test_callbacks
0011e5bc 0000004c T op_open_callbacks
0011e608 00000064 t op_open_close_on_failure
0011e66c 00000034 T op_open_file
0011e6a0 00000020 T op_free
0011e6c0 00000024 T op_read_stereo
0011e6e4 00000004 t op_ftell
0011e6e8 00000004 t op_fseek
0011e6ec 00000044 t op_fread
0011e730 00000034 T op_fopen
0011e764 00000050 t op_strdup_with_len
0011e7b4 0000009c t op_tags_ensure_capacity
0011e850 000001f4 t opus_tags_parse_impl
0011ea44 000000f4 t opus_tags_get_gain.isra.0.constprop.1
0011eb38 00000204 T opus_head_parse
0011ed3c 00000060 T opus_tags_clear
0011ed9c 00000074 T opus_tags_parse
0011ee10 0000001c T opus_tags_get_album_gain
0011ee2c 0000001c T opus_tags_get_track_gain
0011ee48 00000058 T op_strncasecmp
0011eea0 00000264 T sinf
0011f104 00000050 T sqrtf
0011f154 00000024 t with_errnof
0011f178 0000001c T __math_invalidf
0011f194 000000b8 T lrintf
0011f24c 000000c0 T ceilf
0011f310 0000025c T cosf
0011f56c 00000008 T __ieee754_sqrtf
0011f574 00000100 t _os_update_crc
0011f674 0000012c t _packetout
0011f7a0 00000010 T ogg_page_bos
0011f7b0 00000044 T ogg_page_granulepos
0011f7f4 0000000c T ogg_page_serialno
0011f800 00000054 T ogg_stream_clear
0011f854 00000098 T ogg_stream_init
0011f8ec 00000078 t _os_body_expand
0011f964 0000008c t _os_lacing_expand
0011f9f0 00000078 T ogg_page_checksum_set
0011fa68 00000030 T ogg_sync_init
0011fa98 00000044 T ogg_sync_clear
0011fadc 000000c8 T ogg_sync_buffer
0011fba4 00000034 T ogg_sync_wrote
0011fbd8 000001d8 T ogg_sync_pageseek
0011fdb0 00000380 T ogg_stream_pagein
00120130 00000030 T ogg_sync_reset
00120160 00000068 T ogg_stream_reset_serialno
001201c8 00000024 T ogg_stream_packetout
001201ec 00000380 T opus_pcm_soft_clip
0012056c 000000a4 T opus_packet_get_samples_per_frame
00120610 00000480 T opus_packet_parse_impl
00120a90 000000b4 t smooth_fade
00120b48 00000e24 t opus_decode_frame
0012196c 0000004c t opus_decoder_get_size.part.2
001219b8 00000018 T opus_decoder_get_size
001219d0 00000140 T opus_decoder_init
00121b10 00000604 T opus_decode_native
00122114 000002e0 T opus_decoder_ctl
001223f4 00000050 T opus_packet_get_nb_frames
00122444 00000074 T opus_packet_get_nb_samples
001224b8 00000078 t opus_copy_channel_out_float
00122530 00000044 t opus_multistream_decoder_get_size.part.2
00122574 00000128 T opus_multistream_decoder_init
0012269c 000000e4 T opus_multistream_decoder_create
00122780 000002bc T opus_multistream_decoder_ctl_va_list
00122a3c 00000030 T opus_multistream_decoder_ctl
00122a6c 00000478 T opus_multistream_decode_native
00122ee4 0000003c T opus_multistream_decode_float
00122f20 00000004 T opus_multistream_decoder_destroy
00122f24 00000038 T celt_fatal
00122f5c 00000088 T resampling_factor
00122fe4 000002c0 T comb_filter
001232a4 0000006c T init_caps
00123310 00000224 t deemphasis
00123534 00000498 t celt_synthesis
001239d0 00000eb0 t celt_decode_lost
00124880 000002d0 T validate_celt_decoder
00124b50 00000040 T celt_decoder_get_size
00124b90 000011f0 T celt_decode_with_ec
00125d80 00000304 T opus_custom_decoder_ctl
00126084 000000e8 T celt_decoder_init
0012616c 00000048 T ec_tell_frac
001261b4 0000007c t ec_dec_normalize
00126230 00000060 T ec_dec_init
00126290 0000003c T ec_decode
001262cc 00000040 T ec_decode_bin
0012630c 0000003c T ec_dec_update
00126348 00000034 T ec_dec_bit_logp
0012637c 00000050 T ec_dec_icdf
001263cc 00000074 T ec_dec_bits
00126440 00000114 T ec_dec_uint
00126554 00000214 T clt_mdct_backward_c
00126768 000000ac T opus_custom_mode_create
00126814 00000120 t find_best_pitch
00126934 00000254 T pitch_downsample
00126b88 00000298 T celt_pitch_xcorr_c
00126e20 000002b0 T pitch_search
001270d0 00000124 T _celt_lpc
001271f4 000002d8 T celt_fir_c
001274cc 000003e4 T celt_iir
001278b0 00000168 T _celt_autocorr
00127a18 00000200 T unquant_coarse_energy
00127c18 000000dc T unquant_fine_energy
00127cf4 00000160 T unquant_energy_finalise
00127e54 00000df0 T clt_compute_allocation
00128c44 0000009c t exp_rotation1
00128ce0 00000080 t normalise_residual
00128d60 0000018c t exp_rotation.part.0
00128eec 0000030c T op_pvq_search_c
001291f8 000001e0 T alg_quant
001293d8 00000140 T alg_unquant
00129518 000000b4 T renormalise_vector
001295d0 00000274 T stereo_itheta
00129844 00000014 T silk_Get_Decoder_Size
00129858 00000038 T silk_InitDecoder
00129890 00000bc0 T silk_Decode
0012a450 00000294 T silk_stereo_MS_to_LR
0012a6e4 000003c0 T silk_resampler_init
0012aaa4 00000184 T silk_resampler
0012ac28 000009b8 T silk_resampler_private_down_FIR
0012b5e0 000001e4 T silk_resampler_private_IIR_FIR
0012b7c4 00000218 T silk_resampler_private_up2_HQ
0012b9dc 00000004 T silk_resampler_private_up2_HQ_wrapper
0012b9e0 00000134 T silk_stereo_decode_pred
0012bb14 00000020 T silk_stereo_decode_mid_only
0012bb34 0000007c T validate_layout
0012bbb0 00000074 T get_left_channel
0012bc24 00000078 T get_right_channel
0012bc9c 00000078 T get_mono_channel
0012bd14 000000a8 t intensity_stereo.isra.0
0012bdbc 0000011c t deinterleave_hadamard
0012bed8 00000078 t special_hybrid_folding.isra.1
0012bf50 00000104 t quant_band_n1.isra.3
0012c054 00000018 T celt_lcg_rand
0012c06c 0000007c T bitexact_log2tan
0012c0e8 000008e0 t compute_theta
0012c9c8 000005f8 t quant_partition
0012cfc0 000001fc T denormalise_bands
0012d1c0 00000358 T anti_collapse
0012d518 00000080 T haar1
0012d598 000005b0 t quant_band
0012db48 000005dc t quant_band_stereo
0012e124 00000fd8 T quant_all_bands
0012f0fc 0000012c T encode_pulses
0012f228 000002d4 T decode_pulses
0012f4fc 000000a8 t ec_enc_carry_out.part.0
0012f5a4 000000cc T ec_encode
0012f670 0000008c T ec_enc_bit_logp
0012f6fc 00000098 T ec_enc_bits
0012f794 00000080 T ec_enc_uint
0012f814 00000960 T opus_fft_impl
00130174 00000174 T ec_laplace_decode
001302e8 00000040 T isqrt32
00130328 00000040 T silk_init_decoder
00130368 00000224 T silk_decode_frame
0013058c 0000024c T silk_decode_parameters
001307d8 0000041c T silk_decode_indices
00130bf4 00000248 T silk_decode_pulses
00130e3c 00000244 T silk_decoder_set_fs
00131080 000000b4 T silk_gains_dequant
00131134 00000150 T silk_NLSF_decode
00131284 00000030 T silk_PLC_Reset
001312b4 00000e28 T silk_PLC
001320dc 000001e0 T silk_PLC_glue_frames
001322bc 000003fc T silk_shell_decoder
001326b8 000000a0 T silk_NLSF_unpack
00132758 00000070 T silk_bwexpander
001327c8 00000104 T silk_decode_pitch
001328cc 00000068 T silk_log2lin
00132934 0000017c T silk_LPC_analysis_filter
00132ab0 00000628 T silk_LPC_inverse_pred_gain_c
001330d8 00000360 T silk_NLSF2A
00133438 000002e4 T silk_NLSF_stabilize
0013371c 00000070 T silk_resampler_private_AR2
0013378c 00000074 T silk_insertion_sort_increasing_all_values_int16
00133800 00000114 T silk_sum_sqr_shift
00133914 000001cc T silk_LPC_fit
00133ae0 00000064 T silk_CNG_Reset
00133b44 000009b0 T silk_CNG
001344f4 000000d4 T silk_decode_signs
001345c8 00000cb8 T silk_decode_core
00135280 0000009c T silk_bwexpander_32
0013531c 00000024 t with_errno
00135340 00000028 t xflow
00135368 00000010 T __math_uflow
00135378 00000010 T __math_oflow
00135388 00000014 T __math_check_uflow
001353a0 00000028 T __math_check_oflow
001353c8 00000058 T sqrt
00135420 000000a8 T cos
001354c8 00000008 T __ieee754_sqrt
001354d0 00000144 T floor
00135618 00000214 T exp
00135830 00000150 T __kernel_cos
00135980 00000310 T __ieee754_rem_pio2
00135c90 000008b0 T __kernel_rem_pio2
00136540 00000140 T scalbn
00136680 000000c0 T __kernel_sin
00136740 00000014 T fabs
00136754 00000008 T b2CircleShape::GetChildCount() const
0013675c 00000064 T b2CircleShape::TestPoint(b2Transform const&, b2Vec2 const&) const
001367c0 00000058 T b2CircleShape::ComputeAABB(b2AABB*, b2Transform const&, int) const
00136818 00000060 T b2CircleShape::ComputeMass(b2MassData*, float) const
00136878 00000004 W b2CircleShape::~b2CircleShape()
00136878 00000004 W b2CircleShape::~b2CircleShape()
0013687c 00000068 T b2CircleShape::Clone(b2BlockAllocator*) const
001368e4 00000014 W b2CircleShape::~b2CircleShape()
001368f8 00000178 T b2CircleShape::RayCast(b2RayCastOutput*, b2RayCastInput const&, b2Transform const&, int) const
00136a70 00000008 T b2PolygonShape::GetChildCount() const
00136a78 00000090 T b2PolygonShape::TestPoint(b2Transform const&, b2Vec2 const&) const
00136b08 00000004 W b2PolygonShape::~b2PolygonShape()
00136b08 00000004 W b2PolygonShape::~b2PolygonShape()
00136b0c 000000d0 T b2PolygonShape::Clone(b2BlockAllocator*) const
00136bdc 00000190 T b2PolygonShape::ComputeMass(b2MassData*, float) const
00136d6c 000001bc T b2PolygonShape::RayCast(b2RayCastOutput*, b2RayCastInput const&, b2Transform const&, int) const
00136f28 00000014 W b2PolygonShape::~b2PolygonShape()
00136f3c 000000e0 T b2PolygonShape::ComputeAABB(b2AABB*, b2Transform const&, int) const
0013701c 0000006c T b2PolygonShape::SetAsBox(float, float)
00137088 00000048 T b2BlockAllocator::b2BlockAllocator()
00137088 00000048 T b2BlockAllocator::b2BlockAllocator()
001370d0 00000048 T b2BlockAllocator::~b2BlockAllocator()
001370d0 00000048 T b2BlockAllocator::~b2BlockAllocator()
00137118 000001a0 T b2BlockAllocator::Allocate(int)
001372b8 00000088 T b2BlockAllocator::Free(void*, int)
00137340 00000078 t _GLOBAL__sub_I__ZN16b2BlockAllocatorC2Ev
001373b8 00000018 t _GLOBAL__sub_I_b2Vec2_zero
001373d0 00000004 T b2Alloc_Default(int)
001373d4 00000004 T b2Free_Default(void*)
001373d8 000002a8 T b2Body::b2Body(b2BodyDef const*, b2World*)
001373d8 000002a8 T b2Body::b2Body(b2BodyDef const*, b2World*)
00137680 00000004 T b2Body::~b2Body()
00137680 00000004 T b2Body::~b2Body()
00137684 0000022c T b2Body::ResetMassData()
001378b0 000000d8 T b2Body::CreateFixture(b2FixtureDef const*)
00137988 00000058 T b2Body::CreateFixture(b2Shape const*, float)
001379e0 0000018c T b2Body::DestroyFixture(b2Fixture*)
00137b6c 0000006c T b2Body::ShouldCollide(b2Body const*) const
00137bd8 00000100 T b2Body::SetTransform(b2Vec2 const&, float)
00137cd8 000000ec T b2Body::SynchronizeFixtures()
00137dc4 00000160 T b2Body::SetType(b2BodyType)
00137f24 00000004 W b2ContactListener::~b2ContactListener()
00137f24 00000004 W b2ContactListener::~b2ContactListener()
00137f28 00000004 W b2ContactListener::BeginContact(b2Contact*)
00137f2c 00000014 W b2ContactListener::~b2ContactListener()
00137f40 0000003c T b2ContactManager::b2ContactManager()
00137f40 0000003c T b2ContactManager::b2ContactManager()
00137f7c 000000ec T b2ContactManager::Destroy(b2Contact*)
00138068 000001d0 T b2ContactManager::Collide()
00138238 00000184 T b2ContactManager::AddPair(void*, void*)
001383bc 00000208 W void b2DynamicTree::Query<b2BroadPhase>(b2BroadPhase*, b2AABB const&) const
001385c4 000001ac W void b2BroadPhase::UpdatePairs<b2ContactManager>(b2ContactManager*)
00138770 00000010 T b2ContactManager::FindNewContacts()
00138780 00000038 T b2Fixture::b2Fixture()
00138780 00000038 T b2Fixture::b2Fixture()
001387b8 000000d0 T b2Fixture::Create(b2BlockAllocator*, b2Body*, b2FixtureDef const*)
00138888 00000138 T b2Fixture::Destroy(b2BlockAllocator*)
001389c0 000000b0 T b2Fixture::CreateProxies(b2BroadPhase*, b2Transform const&)
00138a70 0000005c T b2Fixture::DestroyProxies(b2BroadPhase*)
00138acc 00000150 T b2Fixture::Synchronize(b2BroadPhase*, b2Transform const&, b2Transform const&)
00138c1c 000000b0 T b2World::b2World(b2Vec2 const&)
00138c1c 000000b0 T b2World::b2World(b2Vec2 const&)
00138ccc 0000000c T b2World::SetContactListener(b2ContactListener*)
00138cd8 00000080 T b2World::CreateBody(b2BodyDef const*)
00138d58 0000018c T b2World::DestroyJoint(b2Joint*)
00138ee4 000001b4 T b2World::DestroyBody(b2Body*)
00139098 000004b0 T b2World::Solve(b2TimeStep const&)
00139548 00000c34 T b2World::SolveTOI(b2TimeStep const&)
0013a17c 00000198 T b2World::Step(float, int, int)
0013a314 00000004 W b2ContactFilter::~b2ContactFilter()
0013a314 00000004 W b2ContactFilter::~b2ContactFilter()
0013a318 0000005c T b2ContactFilter::ShouldCollide(b2Fixture*, b2Fixture*)
0013a374 00000014 W b2ContactFilter::~b2ContactFilter()
0013a388 00000058 T b2BroadPhase::b2BroadPhase()
0013a388 00000058 T b2BroadPhase::b2BroadPhase()
0013a3e0 00000080 T b2BroadPhase::CreateProxy(b2AABB const&, void*)
0013a460 00000050 T b2BroadPhase::DestroyProxy(int)
0013a4b0 0000006c T b2BroadPhase::TouchProxy(int)
0013a51c 0000006c T b2BroadPhase::BufferMove(int)
0013a588 00000028 T b2BroadPhase::MoveProxy(int, b2AABB const&, b2Vec2 const&)
0013a5b0 000000f4 T b2BroadPhase::QueryCallback(int)
0013a6a4 00000024 t b2DistanceProxy::GetVertex(int) const [clone .part.0]
0013a6c8 0000010c T b2DistanceProxy::Set(b2Shape const*, int)
0013a7d4 000002fc W b2Simplex::ReadCache(b2SimplexCache const*, b2DistanceProxy const*, b2Transform const&, b2DistanceProxy const*, b2Transform const&)
0013aad0 000000b8 T b2Simplex::Solve2()
0013ab88 00000264 T b2Simplex::Solve3()
0013adec 00000738 T b2Distance(b2DistanceOutput*, b2SimplexCache*, b2DistanceInput const*)
0013b524 000000a4 T b2DynamicTree::b2DynamicTree()
0013b524 000000a4 T b2DynamicTree::b2DynamicTree()
0013b5c8 00000018 T b2DynamicTree::~b2DynamicTree()
0013b5c8 00000018 T b2DynamicTree::~b2DynamicTree()
0013b5e0 0000012c T b2DynamicTree::AllocateNode()
0013b70c 00000088 T b2DynamicTree::FreeNode(int)
0013b794 00000658 T b2DynamicTree::Balance(int)
0013bdec 000004b4 T b2DynamicTree::InsertLeaf(int)
0013c2a0 00000084 T b2DynamicTree::CreateProxy(b2AABB const&, void*)
0013c324 00000150 T b2DynamicTree::RemoveLeaf(int)
0013c474 000000e4 T b2DynamicTree::DestroyProxy(int)
0013c558 000001ac T b2DynamicTree::MoveProxy(int, b2AABB const&, b2Vec2 const&)
0013c704 00000024 t b2DistanceProxy::GetVertex(int) const [clone .part.0]
0013c728 000004bc W b2SeparationFunction::FindMinSeparation(int*, int*, float) const
0013cbe4 00000304 W b2SeparationFunction::Evaluate(int, int, float) const
0013cee8 00000af0 T b2TimeOfImpact(b2TOIOutput*, b2TOIInput const*)
0013d9d8 0000001c T b2StackAllocator::b2StackAllocator()
0013d9d8 0000001c T b2StackAllocator::b2StackAllocator()
0013d9f4 00000058 T b2StackAllocator::~b2StackAllocator()
0013d9f4 00000058 T b2StackAllocator::~b2StackAllocator()
0013da4c 000000b0 T b2StackAllocator::Allocate(int)
0013dafc 000000b0 T b2StackAllocator::Free(void*)
0013dbac 00000004 T b2Timer::b2Timer()
0013dbac 00000004 T b2Timer::b2Timer()
0013dbb0 00000004 T b2Timer::Reset()
0013dbb4 0000000c T b2Timer::GetMilliseconds() const
0013dbc0 00000118 T b2Contact::InitializeRegisters()
0013dcd8 0000010c T b2Contact::Create(b2Fixture*, int, b2Fixture*, int, b2BlockAllocator*)
0013dde4 00000120 T b2Contact::Destroy(b2Contact*, b2BlockAllocator*)
0013df04 000000d8 T b2Contact::b2Contact(b2Fixture*, int, b2Fixture*, int)
0013df04 000000d8 T b2Contact::b2Contact(b2Fixture*, int, b2Fixture*, int)
0013dfdc 00000280 T b2Contact::Update(b2ContactListener*)
0013e25c 00000004 W b2EdgeAndCircleContact::~b2EdgeAndCircleContact()
0013e25c 00000004 W b2EdgeAndCircleContact::~b2EdgeAndCircleContact()
0013e260 00000014 W b2EdgeAndCircleContact::~b2EdgeAndCircleContact()
0013e274 00000034 T b2EdgeAndCircleContact::Evaluate(b2Manifold*, b2Transform const&, b2Transform const&)
0013e2a8 00000040 T b2EdgeAndCircleContact::Destroy(b2Contact*, b2BlockAllocator*)
0013e2e8 00000094 T b2EdgeAndCircleContact::b2EdgeAndCircleContact(b2Fixture*, b2Fixture*)
0013e2e8 00000094 T b2EdgeAndCircleContact::b2EdgeAndCircleContact(b2Fixture*, b2Fixture*)
0013e37c 00000038 T b2EdgeAndCircleContact::Create(b2Fixture*, int, b2Fixture*, int, b2BlockAllocator*)
0013e3b4 00000004 W b2EdgeAndPolygonContact::~b2EdgeAndPolygonContact()
0013e3b4 00000004 W b2EdgeAndPolygonContact::~b2EdgeAndPolygonContact()
0013e3b8 00000014 W b2EdgeAndPolygonContact::~b2EdgeAndPolygonContact()
0013e3cc 00000034 T b2EdgeAndPolygonContact::Evaluate(b2Manifold*, b2Transform const&, b2Transform const&)
0013e400 00000040 T b2EdgeAndPolygonContact::Destroy(b2Contact*, b2BlockAllocator*)
0013e440 00000094 T b2EdgeAndPolygonContact::b2EdgeAndPolygonContact(b2Fixture*, b2Fixture*)
0013e440 00000094 T b2EdgeAndPolygonContact::b2EdgeAndPolygonContact(b2Fixture*, b2Fixture*)
0013e4d4 00000038 T b2EdgeAndPolygonContact::Create(b2Fixture*, int, b2Fixture*, int, b2BlockAllocator*)
0013e50c 000000a8 t b2Island::Report(b2ContactVelocityConstraint const*) [clone .part.0]
0013e5b4 000000b0 T b2Island::b2Island(int, int, int, b2StackAllocator*, b2ContactListener*)
0013e5b4 000000b0 T b2Island::b2Island(int, int, int, b2StackAllocator*, b2ContactListener*)
0013e664 0000004c T b2Island::~b2Island()
0013e664 0000004c T b2Island::~b2Island()
0013e6b0 00000634 T b2Island::Solve(b2Profile*, b2TimeStep const&, b2Vec2 const&, bool)
0013ece4 00000360 T b2Island::SolveTOI(b2TimeStep const&, int, int)
0013f044 00000140 T b2Joint::Destroy(b2Joint*, b2BlockAllocator*)
0013f184 00000004 W b2PolygonAndCircleContact::~b2PolygonAndCircleContact()
0013f184 00000004 W b2PolygonAndCircleContact::~b2PolygonAndCircleContact()
0013f188 00000014 W b2PolygonAndCircleContact::~b2PolygonAndCircleContact()
0013f19c 00000034 T b2PolygonAndCircleContact::Evaluate(b2Manifold*, b2Transform const&, b2Transform const&)
0013f1d0 00000040 T b2PolygonAndCircleContact::Destroy(b2Contact*, b2BlockAllocator*)
0013f210 00000094 T b2PolygonAndCircleContact::b2PolygonAndCircleContact(b2Fixture*, b2Fixture*)
0013f210 00000094 T b2PolygonAndCircleContact::b2PolygonAndCircleContact(b2Fixture*, b2Fixture*)
0013f2a4 00000038 T b2PolygonAndCircleContact::Create(b2Fixture*, int, b2Fixture*, int, b2BlockAllocator*)
0013f2dc 00000004 W b2PolygonContact::~b2PolygonContact()
0013f2dc 00000004 W b2PolygonContact::~b2PolygonContact()
0013f2e0 00000014 W b2PolygonContact::~b2PolygonContact()
0013f2f4 00000034 T b2PolygonContact::Evaluate(b2Manifold*, b2Transform const&, b2Transform const&)
0013f328 00000040 T b2PolygonContact::Destroy(b2Contact*, b2BlockAllocator*)
0013f368 00000094 T b2PolygonContact::b2PolygonContact(b2Fixture*, b2Fixture*)
0013f368 00000094 T b2PolygonContact::b2PolygonContact(b2Fixture*, b2Fixture*)
0013f3fc 00000038 T b2PolygonContact::Create(b2Fixture*, int, b2Fixture*, int, b2BlockAllocator*)
0013f434 000000dc T b2CollideCircles(b2Manifold*, b2CircleShape const*, b2Transform const&, b2CircleShape const*, b2Transform const&)
0013f510 0000039c T b2CollidePolygonAndCircle(b2Manifold*, b2PolygonShape const*, b2Transform const&, b2CircleShape const*, b2Transform const&)
0013f8ac 00000310 T b2CollideEdgeAndCircle(b2Manifold*, b2EdgeShape const*, b2Transform const&, b2CircleShape const*, b2Transform const&)
0013fbbc 00000840 T b2CollideEdgeAndPolygon(b2Manifold*, b2EdgeShape const*, b2Transform const&, b2PolygonShape const*, b2Transform const&)
001403fc 00000130 t b2FindMaxSeparation(int*, b2PolygonShape const*, b2Transform const&, b2PolygonShape const*, b2Transform const&) [clone .constprop.0]
0014052c 000004c8 T b2CollidePolygons(b2Manifold*, b2PolygonShape const*, b2Transform const&, b2PolygonShape const*, b2Transform const&)
001409f4 000003e8 T b2WorldManifold::Initialize(b2Manifold const*, b2Transform const&, float, b2Transform const&, float)
00140ddc 00000108 T b2ClipSegmentToLine(b2ClipVertex*, b2ClipVertex const*, b2Vec2 const&, float, int)
00140ee4 000000b8 T b2TestOverlap(b2Shape const*, int, b2Shape const*, int, b2Transform const&, b2Transform const&)
00140f9c 00000004 W b2ChainAndCircleContact::~b2ChainAndCircleContact()
00140f9c 00000004 W b2ChainAndCircleContact::~b2ChainAndCircleContact()
00140fa0 00000014 W b2ChainAndCircleContact::~b2ChainAndCircleContact()
00140fb4 0000008c T b2ChainAndCircleContact::Evaluate(b2Manifold*, b2Transform const&, b2Transform const&)
00141040 000000b8 T b2ChainAndCircleContact::Create(b2Fixture*, int, b2Fixture*, int, b2BlockAllocator*)
001410f8 00000040 T b2ChainAndCircleContact::Destroy(b2Contact*, b2BlockAllocator*)
00141138 00000004 W b2ChainAndPolygonContact::~b2ChainAndPolygonContact()
00141138 00000004 W b2ChainAndPolygonContact::~b2ChainAndPolygonContact()
0014113c 00000014 W b2ChainAndPolygonContact::~b2ChainAndPolygonContact()
00141150 0000008c T b2ChainAndPolygonContact::Evaluate(b2Manifold*, b2Transform const&, b2Transform const&)
001411dc 000000b8 T b2ChainAndPolygonContact::Create(b2Fixture*, int, b2Fixture*, int, b2BlockAllocator*)
00141294 00000040 T b2ChainAndPolygonContact::Destroy(b2Contact*, b2BlockAllocator*)
001412d4 00000004 W b2CircleContact::~b2CircleContact()
001412d4 00000004 W b2CircleContact::~b2CircleContact()
001412d8 00000014 W b2CircleContact::~b2CircleContact()
001412ec 00000034 T b2CircleContact::Evaluate(b2Manifold*, b2Transform const&, b2Transform const&)
00141320 00000040 T b2CircleContact::Destroy(b2Contact*, b2BlockAllocator*)
00141360 00000094 T b2CircleContact::b2CircleContact(b2Fixture*, b2Fixture*)
00141360 00000094 T b2CircleContact::b2CircleContact(b2Fixture*, b2Fixture*)
001413f4 00000038 T b2CircleContact::Create(b2Fixture*, int, b2Fixture*, int, b2BlockAllocator*)
0014142c 000002b0 T b2ContactSolver::b2ContactSolver(b2ContactSolverDef*)
0014142c 000002b0 T b2ContactSolver::b2ContactSolver(b2ContactSolverDef*)
001416dc 00000024 T b2ContactSolver::~b2ContactSolver()
001416dc 00000024 T b2ContactSolver::~b2ContactSolver()
00141700 00000444 T b2ContactSolver::InitializeVelocityConstraints()
00141b44 00000114 T b2ContactSolver::WarmStart()
00141c58 00000570 T b2ContactSolver::SolveVelocityConstraints()
001421c8 00000068 T b2ContactSolver::StoreImpulses()
00142230 00000304 W b2PositionSolverManifold::Initialize(b2ContactPositionConstraint*, b2Transform const&, b2Transform const&, int)
00142534 000002a4 T b2ContactSolver::SolvePositionConstraints()
001427d8 000002d8 T b2ContactSolver::SolveTOIPositionConstraints(int, int)
00142ab0 000000b8 T b2ChainShape::GetChildEdge(b2EdgeShape*, int) const
00142b68 00000008 T b2EdgeShape::GetChildCount() const
00142b70 00000008 T b2EdgeShape::TestPoint(b2Transform const&, b2Vec2 const&) const
00142b78 00000040 T b2EdgeShape::ComputeMass(b2MassData*, float) const
00142bb8 00000004 W b2EdgeShape::~b2EdgeShape()
00142bb8 00000004 W b2EdgeShape::~b2EdgeShape()
00142bbc 000000b8 T b2EdgeShape::Clone(b2BlockAllocator*) const
00142c74 00000014 W b2EdgeShape::~b2EdgeShape()
00142c88 000001cc T b2EdgeShape::RayCast(b2RayCastOutput*, b2RayCastInput const&, b2Transform const&, int) const
00142e54 000000b0 T b2EdgeShape::ComputeAABB(b2AABB*, b2Transform const&, int) const
00142f04 0000005c T __cxxabiv1::__class_type_info::__do_upcast(__cxxabiv1::__class_type_info const*, void**) const
00142f60 00000014 T __cxxabiv1::__class_type_info::__do_find_public_src(int, void const*, __cxxabiv1::__class_type_info const*, void const*) const
00142f74 00000020 T __cxxabiv1::__class_type_info::~__class_type_info()
00142f74 00000020 T __cxxabiv1::__class_type_info::~__class_type_info()
00142f94 0000002c T __cxxabiv1::__class_type_info::~__class_type_info()
00142fc0 00000070 T __cxxabiv1::__class_type_info::__do_upcast(__cxxabiv1::__class_type_info const*, void const*, __cxxabiv1::__class_type_info::__upcast_result&) const
00143030 00000090 T __cxxabiv1::__class_type_info::__do_catch(std::type_info const*, void**, unsigned int) const
001430c0 000000f8 T __cxxabiv1::__class_type_info::__do_dyncast(int, __cxxabiv1::__class_type_info::__sub_kind, __cxxabiv1::__class_type_info const*, void const*, __cxxabiv1::__class_type_info const*, void const*, __cxxabiv1::__class_type_info::__dyncast_result&) const
001431b8 00000004 T operator delete(void*)
001431bc 00000004 T operator delete(void*, unsigned int)
001431c0 T __cxa_end_cleanup
001431d0 00000138 T __cxa_type_match
00143308 000000b4 T __cxa_begin_cleanup
001433bc 000000b4 T __gnu_end_cleanup
00143470 00000004 T std::exception::~exception()
00143470 00000004 T std::exception::~exception()
00143474 00000004 T std::bad_exception::~bad_exception()
00143474 00000004 T std::bad_exception::~bad_exception()
00143478 0000000c T transaction clone for std::exception::what() const
00143478 0000000c T std::exception::what() const
00143484 0000000c T transaction clone for std::bad_exception::what() const
00143484 0000000c T std::bad_exception::what() const
00143490 00000020 T std::bad_exception::~bad_exception()
001434b0 00000038 t eh_globals_dtor(void*)
001434e8 00000038 T __cxa_get_globals_fast
00143520 00000090 T __cxa_get_globals
001435b0 00000040 t _GLOBAL__sub_I__ZN17__eh_globals_init7_S_initE
001435f0 00000034 t _GLOBAL__sub_D__ZN17__eh_globals_init7_S_initE
00143624 00000150 t read_encoded_value_with_base(unsigned char, unsigned int, unsigned char const*, unsigned int*)
00143774 0000005c t base_of_encoded_value(unsigned char, _Unwind_Context*)
001437d0 000000f0 t parse_lsda_header(_Unwind_Context*, unsigned char const*, lsda_header_info*)
001438c0 000006c8 T __gxx_personality_v0
00143f88 00000014 T __cxxabiv1::__terminate(void (*)())
00143f9c 00000018 T std::terminate()
00143fb4 0000000c T __cxxabiv1::__unexpected(void (*)())
00143fc0 00000018 T std::unexpected()
00143fd8 00000014 T std::get_terminate()
00143fec 00000014 T std::get_unexpected()
00144000 0000000c W __gnu_cxx::__concurrence_lock_error::what() const
0014400c 0000000c W __gnu_cxx::__concurrence_unlock_error::what() const
00144018 0000000c W __gnu_cxx::__concurrence_broadcast_error::what() const
00144024 0000000c W __gnu_cxx::__concurrence_wait_error::what() const
00144030 00000038 t (anonymous namespace)::init()
00144068 00000024 t (anonymous namespace)::init_static_cond()
0014408c 00000020 W __gnu_cxx::__concurrence_lock_error::~__concurrence_lock_error()
0014408c 00000020 W __gnu_cxx::__concurrence_lock_error::~__concurrence_lock_error()
001440ac 0000002c W __gnu_cxx::__concurrence_lock_error::~__concurrence_lock_error()
001440d8 00000020 W __gnu_cxx::__concurrence_wait_error::~__concurrence_wait_error()
001440d8 00000020 W __gnu_cxx::__concurrence_wait_error::~__concurrence_wait_error()
001440f8 0000002c W __gnu_cxx::__concurrence_wait_error::~__concurrence_wait_error()
00144124 00000020 W __gnu_cxx::__concurrence_unlock_error::~__concurrence_unlock_error()
00144124 00000020 W __gnu_cxx::__concurrence_unlock_error::~__concurrence_unlock_error()
00144144 0000002c W __gnu_cxx::__concurrence_unlock_error::~__concurrence_unlock_error()
00144170 00000020 W __gnu_cxx::__concurrence_broadcast_error::~__concurrence_broadcast_error()
00144170 00000020 W __gnu_cxx::__concurrence_broadcast_error::~__concurrence_broadcast_error()
00144190 0000002c W __gnu_cxx::__concurrence_broadcast_error::~__concurrence_broadcast_error()
001441bc 0000002c W __gnu_cxx::__throw_concurrence_lock_error()
001441e8 0000002c W __gnu_cxx::__throw_concurrence_unlock_error()
00144214 0000002c W __gnu_cxx::__throw_concurrence_broadcast_error()
00144240 000001b0 T __cxa_guard_acquire
001443f0 000000f0 T __cxa_guard_release
001444e0 00000020 T __gnu_cxx::recursive_init_error::~recursive_init_error()
001444e0 00000020 T __gnu_cxx::recursive_init_error::~recursive_init_error()
00144500 0000002c T __gnu_cxx::recursive_init_error::~recursive_init_error()
0014452c 00000010 T __gnu_cxx::recursive_init_error::recursive_init_error()
0014452c 00000010 T __gnu_cxx::recursive_init_error::recursive_init_error()
0014453c 0000005c T operator new(unsigned int)
00144598 00000020 T __cxxabiv1::__si_class_type_info::~__si_class_type_info()
00144598 00000020 T __cxxabiv1::__si_class_type_info::~__si_class_type_info()
001445b8 0000002c T __cxxabiv1::__si_class_type_info::~__si_class_type_info()
001445e4 00000140 T __cxxabiv1::__si_class_type_info::__do_dyncast(int, __cxxabiv1::__class_type_info::__sub_kind, __cxxabiv1::__class_type_info const*, void const*, __cxxabiv1::__class_type_info const*, void const*, __cxxabiv1::__class_type_info::__dyncast_result&) const
00144724 00000088 T __cxxabiv1::__si_class_type_info::__do_find_public_src(int, void const*, __cxxabiv1::__class_type_info const*, void const*) const
001447ac 00000044 T __cxxabiv1::__si_class_type_info::__do_upcast(__cxxabiv1::__class_type_info const*, void const*, __cxxabiv1::__class_type_info::__upcast_result&) const
001447f0 00000004 T std::type_info::~type_info()
001447f0 00000004 T std::type_info::~type_info()
001447f4 00000008 T std::type_info::__is_pointer_p() const
001447f4 00000008 T std::type_info::__is_function_p() const
001447fc 00000040 T std::__throw_logic_error(char const*)
0014483c 00000040 T std::__throw_length_error(char const*)
0014487c 000001c0 W std::system_error::system_error(std::error_code, char const*)
0014487c 000001c0 W std::system_error::system_error(std::error_code, char const*)
00144a3c 00000004 T std::random_device::_M_fini()
00144a40 00000034 W std::mersenne_twister_engine<unsigned int, 32u, 624u, 397u, 31u, 2567483615u, 11u, 4294967295u, 7u, 2636928640u, 15u, 4022730752u, 18u, 1812433253u>::seed(unsigned int)
00144a74 00000144 T std::random_device::_M_init_pretr1(std::__cxx11::basic_string<char, std::char_traits<char>, std::allocator<char> > const&)
00144bb8 00000004 T std::random_device::_M_init(std::__cxx11::basic_string<char, std::char_traits<char>, std::allocator<char> > const&)
00144bbc 00000058 W std::mersenne_twister_engine<unsigned int, 32u, 624u, 397u, 31u, 2567483615u, 11u, 4294967295u, 7u, 2636928640u, 15u, 4022730752u, 18u, 1812433253u>::operator()()
00144c14 0000000c T std::random_device::_M_getval()
00144c20 00000054 W std::__cxx11::basic_string<char, std::char_traits<char>, std::allocator<char> >::_M_create(unsigned int&, unsigned int)
00144c74 00000014 W std::__cxx11::basic_string<char, std::char_traits<char>, std::allocator<char> >::_M_dispose()
00144c88 000000c8 W std::__cxx11::basic_string<char, std::char_traits<char>, std::allocator<char> >::_M_assign(std::__cxx11::basic_string<char, std::char_traits<char>, std::allocator<char> > const&)
00144d50 00000104 W std::__cxx11::basic_string<char, std::char_traits<char>, std::allocator<char> >::_M_mutate(unsigned int, unsigned int, char const*, unsigned int)
00144e54 00000098 W std::__cxx11::basic_string<char, std::char_traits<char>, std::allocator<char> >::reserve(unsigned int)
00144eec 00000140 W std::__cxx11::basic_string<char, std::char_traits<char>, std::allocator<char> >::_M_replace_cold(char*, unsigned int, char const*, unsigned int, unsigned int)
0014502c 00000130 W std::__cxx11::basic_string<char, std::char_traits<char>, std::allocator<char> >::_M_replace(unsigned int, unsigned int, char const*, unsigned int)
0014515c 00000090 W std::__cxx11::basic_string<char, std::char_traits<char>, std::allocator<char> >::_M_append(char const*, unsigned int)
001451ec 0000000c t (anonymous namespace)::generic_error_category::name() const
001451f8 00000020 t (anonymous namespace)::generic_error_category::equivalent(int, std::error_condition const&) const
00145218 00000004 t (anonymous namespace)::generic_error_category::~generic_error_category()
00145218 00000004 t (anonymous namespace)::generic_error_category::~generic_error_category()
0014521c 0000000c T std::_V2::error_category::default_error_condition(int) const
00145228 00000020 T std::_V2::error_category::equivalent(std::error_code const&, int) const
00145248 000000f4 t (anonymous namespace)::system_error_category::message[abi:cxx11](int) const
00145248 000000f4 t (anonymous namespace)::generic_error_category::message[abi:cxx11](int) const
0014533c 0000001c t (anonymous namespace)::generic_error_category::~generic_error_category()
00145358 00000020 T std::system_error::~system_error()
00145358 00000020 T std::system_error::~system_error()
00145378 00000028 T std::system_error::~system_error()
001453a0 00000054 T std::_V2::error_category::_M_message[abi:cxx11](int) const
001453f4 0000000c T std::_V2::generic_category()
00145400 0000000c T std::bad_alloc::what() const
0014540c 00000020 T std::bad_alloc::~bad_alloc()
0014540c 00000020 T std::bad_alloc::~bad_alloc()
0014542c 0000002c T std::bad_alloc::~bad_alloc()
00145458 0000012c t (anonymous namespace)::pool::free(void*) [clone .constprop.0]
00145584 000000f0 t (anonymous namespace)::pool::allocate(unsigned int) [clone .constprop.0]
00145674 00000044 T __cxa_allocate_exception
001456b8 00000028 T __cxa_free_exception
001456e0 000001a4 t _GLOBAL__sub_I__ZN9__gnu_cxx9__freeresEv
00145884 00000070 t __cxxabiv1::__is_gxx_exception_class(char*)
001458f4 0000002c T __cxa_call_terminate
00145920 00000148 T __cxa_call_unexpected
00145a68 000000e0 T __cxa_begin_catch
00145b48 000000e0 T __cxa_end_catch
00145c28 00000070 t __gxx_exception_cleanup(_Unwind_Reason_Code, _Unwind_Control_Block*)
00145c98 00000054 T __cxa_init_primary_exception
00145cec 00000054 T __cxa_throw
00145d40 000000b0 T __cxa_rethrow
00145df0 00000014 T std::get_new_handler()
00145e04 00000008 T std::logic_error::what() const
00145e04 00000008 T std::runtime_error::what() const
00145e0c 00000098 T std::logic_error::~logic_error()
00145e0c 00000098 T std::logic_error::~logic_error()
00145ea4 00000098 T std::runtime_error::~runtime_error()
00145ea4 00000098 T std::runtime_error::~runtime_error()
00145f3c 000000a0 T std::runtime_error::~runtime_error()
00145fdc 00000098 T std::length_error::~length_error()
00145fdc 00000098 T std::length_error::~length_error()
00146074 000000a0 T std::logic_error::~logic_error()
00146114 000000a0 T std::length_error::~length_error()
001461b4 000000d8 T std::logic_error::logic_error(char const*)
001461b4 000000d8 T std::logic_error::logic_error(char const*)
0014628c 00000020 T std::length_error::length_error(char const*)
0014628c 00000020 T std::length_error::length_error(char const*)
001462ac 000000c8 T std::__cow_string::__cow_string(char const*, unsigned int)
001462ac 000000c8 T std::__cow_string::__cow_string(char const*, unsigned int)
00146374 00000088 W std::string::_Rep::_S_create(unsigned int, unsigned int, std::allocator<char> const&)
001463fc 00000004 W std::string::_Rep::_M_destroy(std::allocator<char> const&)
00146400 00000030 T std::runtime_error::runtime_error(std::__cxx11::basic_string<char, std::char_traits<char>, std::allocator<char> > const&)
00146400 00000030 T std::runtime_error::runtime_error(std::__cxx11::basic_string<char, std::char_traits<char>, std::allocator<char> > const&)
00146430 000000c0 T floorf
001464f0 00000130 T __udivmoddi4
00146620 00000018 t selfrel_offset31
00146638 00000090 t search_EIT_table
001466c8 00000040 t __gnu_unwind_get_pr_addr
00146708 00000110 t get_eit_entry
00146818 00000088 t restore_non_core_regs
001468a0 00000014 t _Unwind_decode_typeinfo_ptr.constprop.0
001468b4 00000004 t _Unwind_DebugHook
001468b8 00000064 t unwind_phase2
0014691c 0000013c t unwind_phase2_forced
00146a58 000000a4 T __gnu_Unwind_RaiseException
00146afc 00000020 T __gnu_Unwind_ForcedUnwind
00146b1c 00000074 T __gnu_Unwind_Resume
00146b90 00000020 T __gnu_Unwind_Resume_or_Rethrow
00146bb0 00000004 T _Unwind_Complete
00146bb4 00000018 T _Unwind_DeleteException
00146bcc 00000064 T _Unwind_VRS_Get
00146c30 0000002c t _Unwind_GetGR
00146c5c 00000064 T _Unwind_VRS_Set
00146cc0 0000002c t _Unwind_SetGR
00146cec 000000c0 T __gnu_Unwind_Backtrace
00146dac 0000040c t __gnu_unwind_pr_common
001471b8 00000008 T __aeabi_unwind_cpp_pr0
001471c0 00000008 W __aeabi_unwind_cpp_pr1
001471c8 00000008 W __aeabi_unwind_cpp_pr2
001471d0 00000458 T _Unwind_VRS_Pop
00147628 00000064 t next_unwind_byte
0014768c 0000002c t _Unwind_GetGR.constprop.0
001476b8 00000004 t unwind_UCB_from_context
001476bc 00000464 T __gnu_unwind_execute
00147b20 00000048 T __gnu_unwind_frame
00147b68 00000010 T _Unwind_GetRegionStart
00147b78 0000001c T _Unwind_GetLanguageSpecificData
00147b94 00000008 T _Unwind_GetDataRelBase
00147b9c 00000008 T _Unwind_GetTextRelBase
00147ba4 000000d8 T strncmp
00147c7c 00000140 T strchr
00147dbc 0000001c T srand
00147dd8 00000044 T rand
00147e1c 00000024 T getenv
00147e40 0000016c T memmove
00147fac 0000005c T __assert_func
00148008 00000144 T _fclose_r
0014814c 00000020 T fclose
0014816c 0000003c T fprintf
001481a8 0000008c T strlen
00148234 0000003c T fiprintf
00148270 000000d8 T memcmp
00148348 0000001c t stdio_exit_handler
00148364 0000005c t cleanup_stdio
001483c0 00000154 t global_stdio_init.part.0
00148514 00000138 T __sfp
0014864c 0000005c T __sinit
001486a8 0000000c T __sfp_lock_acquire
001486b4 0000000c T __sfp_lock_release
001486c0 000001ec t _strtoul_l.isra.0
001488ac 0000003c T strtoul
001488e8 00000084 T __libc_init_array
0014896c 00000588 T _fseeko_r
00148ef4 00000030 T fseeko
00148f24 0000009c T strncat
00148fc0 00000070 T _fwalk_sglue
00149030 00000078 T bsearch
001490a8 0000000c T __errno
001490b4 00000028 T calloc
001490dc 000008e8 T qsort
001499c4 00000014 T abort
001499d8 000000e0 T _puts_r
00149ab8 00000020 T puts
00149ad8 000005e0 t get_arg
0014a0b8 00003554 T _vfprintf_r
0014d60c 000000b4 t __sbprintf
0014d6c0 000000d8 T _calloc_r
0014d798 00000028 T realloc
0014d7c0 0000001c T _fseek_r
0014d7dc 00000028 T memalign
0014d804 0000082c T _malloc_r
0014e030 000000e8 T memchr
0014e118 000001c0 t quorem
0014e2d8 000013f0 T _dtoa_r
0014f6c8 000000a0 T _wcrtomb_r
0014f768 00000114 T _malloc_trim_r
0014f87c 00000314 T _free_r
0014fb90 00000034 T printf
0014fbc4 000000b8 T __sflags
0014fc7c 0000003c T __memcpy_chk
0014fcb8 0000003c T strnlen
0014fcf4 00000040 T malloc
0014fd34 00000020 T free
0014fd54 000000a0 T __xpg_strerror_r
0014fdf4 0000022c T __sflush_r
00150020 000000c4 T _fflush_r
001500e4 00000044 T fflush
00150128 00000048 T time
00150170 00000038 t lflush
001501a8 000001a8 T __srefill_r
00150350 00000164 T __smakebuf_r
001504b4 00000090 T __swhatbuf_r
00150544 000000dc T _findenv_r
00150620 000000e4 T memset
00150704 000004f0 T _realloc_r
00150bf4 00000334 T _fread_r
00150f28 00000038 T fread
00150f60 0000000c T __malloc_lock
00150f6c 0000000c T __malloc_unlock
00150f78 000001c4 T _ftello_r
0015113c 00000020 T ftello
0015115c 00000030 T exit
0015118c 00000294 T setvbuf
00151420 00000134 T _fopen_r
00151554 00000028 T fopen
0015157c 00000014 T atexit
00151590 00000020 T close
001515b0 000000d4 T strncpy
00151684 0000012c T memcpy
001517b0 00000028 T _wcsrtombs_r
001517d8 00000140 T __swsetup_r
00151918 00000088 T frexp
001519a0 000004a4 T __sfvwrite_r
00151e44 00000044 T __sread
00151e88 00000068 T __swrite
00151ef0 00000040 T __sseek
00151f30 00000008 T __sclose
00151f38 0000009c T _raise_r
00151fd4 00000020 T raise
00151ff4 0000000c T __env_lock
00152000 0000000c T __env_unlock
0015200c 00000410 T _strerror_r
0015241c 00000088 T _Balloc
001524a4 0000001c T _Bfree
001524c0 000000f4 T __multadd
001525b4 00000080 T __hi0bits
00152634 000000f0 T __lo0bits
00152724 000000a4 T __i2b
001527c8 00000230 T __multiply
001529f8 00000130 T __pow5mult
00152b28 00000138 T __lshift
00152c60 00000058 T __mcmp
00152cb8 00000218 T __mdiff
00152ed0 00000120 T __d2b
00152ff0 00000008 T _user_strerror
00152ff8 00000024 T __locale_mb_cur_max
0015301c 00000058 T __chk_fail
00153074 000005e0 t get_arg
00153654 000022f8 T _vfiprintf_r
0015594c 000000b4 t __sbprintf
00155a00 0000016c T _memalign_r
00155b6c 0000015c T _wcsnrtombs_l
00155cc8 00000064 T _wcsnrtombs_r
00155d2c 00000340 T __utf8_mbtowc
0015606c 00000030 T __sprint_r
0015609c 00000024 T _localeconv_r
001560c0 000000f0 T strcpy
001561b0 000000bc T __register_exitproc
0015626c 000000f8 T __utf8_wctomb
00156364 00000030 T write
00156394 00000134 T __call_exitprocs
001564c8 00000020 T _exit
001564e8 00000140 T chdir
00156628 000001c8 T _concatenate_path
001567f0 0000009c T _fstat_r
0015688c 00000014 T _getpid_r
001568a0 0000002c T __getreent
001568cc 00000030 T _gettimeofday_r
001568fc 000000a0 T __release_handle
0015699c 000000b0 T __alloc_handle
00156a4c 00000058 T __get_handle
00156aa4 0000016c T dup2
00156c10 00000110 T _close_r
00156d20 00000008 t null_write
00156d28 00000018 T setDefaultDevice
00156d40 000000c4 T FindDevice
00156e04 00000028 T RemoveDevice
00156e2c 00000098 T AddDevice
00156ec4 00000020 T GetDeviceOpTab
00156ee4 00000008 T _isatty_r
00156eec 00000014 T _kill_r
00156f00 00000094 T _lseek_r
00156f94 000000c0 T _open_r
00157054 00000094 T _read_r
001570e8 00000078 W _sbrk_r
00157160 0000001c T __libc_lock_acquire
0015717c 0000001c T __libc_lock_release
00157198 0000001c T __libc_lock_acquire_recursive
001571b4 0000001c T __libc_lock_release_recursive
001571d0 00000094 T _write_r
00157264 00000048 T strrchr
001572ac T _fini
00158008 00000018 r CSWTCH.31
0015802c 00000024 r getRandomBartType()::weights
00158050 00000024 r getRandomBartType()::types
00158074 00000020 R vtable for CollisionListener
0015826c r .LC5
001582bc r .LC5
001582c4 r .LC6
00159218 r .LC2
0015ccac 00000008 r s_defaultTint.0
0015ccb4 R render2d_shbin
0015ce40 R render2d_shbin_end
0015ce40 R render2d_shbin_size
0015ce44 00000004 r depthFmtSizes
0015ce48 00000005 r colorFmtSizes
0015ce50 00000010 r CSWTCH.11
0015ce60 00000038 r CSWTCH.19
0015ce98 00000080 r romFS_devoptab
0015cf24 00000011 r dsp_filename.0
0015cf54 00000008 r morton_y.2
0015cf5c 00000008 r morton_x.3
0015cf64 00000008 r s_sleepWakeEvents.4
0015cf6c 0000000c r serviceNameTable.5
0015cf9c 0000004d r _net_error_code_map
0015cfec 00000030 r error_table
0015d01c 00000080 r archive_devoptab
0015d09c 00000010 r OP_FCOEF_A
0015d0ac 00000010 r OP_FCOEF_B
0015d0bc 00000180 r OP_STEREO_DOWNMIX
0015d23c 00000010 r OP_FILE_CALLBACKS
0015d24c 00000060 R __inv_pio4
0015d2b0 000000e0 R __sincosf_table
0015d390 00000008 r TWO23
0015d398 00002000 r crc_lookup
0015f398 00000014 r CSWTCH.81
0015f3ac 00000024 r gains.8759
0015f3d0 00000020 R tf_select_table
0015f3f0 00000004 r spread_icdf
0015f3f4 00000003 r tapset_icdf
0015f3f8 0000000b r trim_icdf
0015f404 00000020 r correction.6326
0015f424 000000e7 r band_allocation
0015f50c 00000188 r cache_bits50
0015f694 000000a8 r cache_caps50
0015f73c 000000d2 r cache_index50
0015f810 0000002c r eband5ms
0015f83c 000000f0 r fft_bitrev120
0015f92c 000001e0 r fft_bitrev240
0015fb0c 000003c0 r fft_bitrev480
0015fecc 00000078 r fft_bitrev60
0015ff44 00000038 r fft_state48000_960_0
0015ff7c 00000038 r fft_state48000_960_1
0015ffb4 00000038 r fft_state48000_960_2
0015ffec 00000038 r fft_state48000_960_3
00160024 00000f00 r fft_twiddles48000_960
00160f24 0000002a r logN400
00160f50 00001c20 r mdct_twiddles960
00162b70 0000006c r mode48000_960_120
00162bdc 000001e0 r window120
00162dbc 00000010 r beta_coef
00162dcc 00000064 R eMeans
00162e30 00000150 r e_prob_model
00162f80 00000010 r pred_coef
00162f90 00000003 r small_energy_icdf
00162f94 00000018 r LOG2_FRAC_TABLE
00162fac 0000000c r SPREAD_FACTOR.8617
00162fb8 00000003 r silk_LBRR_flags_2_iCDF
00162fbc 00000007 r silk_LBRR_flags_3_iCDF
00162fc4 00000008 R silk_LBRR_flags_iCDF_ptr
00162fcc 00000006 R silk_LTPScales_table_Q14
00162fd4 00000003 R silk_LTPscale_iCDF
00162fd8 00000007 R silk_NLSF_EXT_iCDF
00162fe0 00000005 R silk_NLSF_interpolation_factor_iCDF
00162fe8 00000008 R silk_Quantization_Offsets_Q10
00162ff0 00000002 R silk_lsb_iCDF
00162ff4 00000002 R silk_stereo_only_code_mid_iCDF
00162ff8 00000019 R silk_stereo_pred_joint_iCDF
00163014 00000020 R silk_stereo_pred_quant_Q13
00163034 00000004 R silk_type_offset_VAD_iCDF
00163038 00000002 R silk_type_offset_no_VAD_iCDF
0016303c 00000003 R silk_uniform3_iCDF
00163040 00000004 R silk_uniform4_iCDF
00163044 00000005 R silk_uniform5_iCDF
0016304c 00000006 R silk_uniform6_iCDF
00163054 00000008 R silk_uniform8_iCDF
0016305c 0000000f r delay_matrix_dec
0016306c 0000000f r delay_matrix_enc
0016307c 0000001c R silk_Resampler_1_2_COEFS
00163098 00000028 R silk_Resampler_1_3_COEFS
001630c0 00000028 R silk_Resampler_1_4_COEFS
001630e8 00000028 R silk_Resampler_1_6_COEFS
00163110 00000028 R silk_Resampler_2_3_COEFS
00163138 0000003a R silk_Resampler_3_4_COEFS
00163174 00000060 R silk_resampler_frac_FIR_12
001631d4 00000010 r bit_deinterleave_table.9138
001631e4 00000010 r bit_interleave_table.9128
001631f4 00000010 r exp2_table8.8969
00163204 00000078 r ordery_table
0016327c 000013e0 r CELT_PVQ_U_DATA
0016465c 0000003c r CELT_PVQ_U_ROW
00164698 00000004 r HARM_ATT_Q15
0016469c 00000004 r PLC_RAND_ATTENUATE_UV_Q15
001646a0 00000004 r PLC_RAND_ATTENUATE_V_Q15
001646a4 00000029 R silk_delta_gain_iCDF
001646d0 00000018 R silk_gain_iCDF
001646e8 00000008 r silk_LTP_gain_iCDF_0
001646f0 00000010 r silk_LTP_gain_iCDF_1
00164700 00000020 r silk_LTP_gain_iCDF_2
00164720 0000000c R silk_LTP_gain_iCDF_ptrs
0016472c 00000028 r silk_LTP_gain_vq_0
00164754 00000050 r silk_LTP_gain_vq_1
001647a4 000000a0 r silk_LTP_gain_vq_2
00164844 00000003 R silk_LTP_per_index_iCDF
00164848 0000000c R silk_LTP_vq_ptrs_Q7
00164854 00000140 r silk_NLSF_CB1_NB_MB_Q8
00164994 00000280 r silk_NLSF_CB1_Wght_Q9
00164c14 00000040 r silk_NLSF_CB1_iCDF_NB_MB
00164c54 00000048 r silk_NLSF_CB2_BITS_NB_MB_Q5
00164c9c 000000a0 r silk_NLSF_CB2_SELECT_NB_MB
00164d3c 00000048 r silk_NLSF_CB2_iCDF_NB_MB
00164d84 00000028 R silk_NLSF_CB_NB_MB
00164dac 00000016 r silk_NLSF_DELTA_MIN_NB_MB_Q15
00164dc4 00000012 r silk_NLSF_PRED_NB_MB_Q8
00164dd8 00000200 r silk_NLSF_CB1_WB_Q8
00164fd8 00000400 r silk_NLSF_CB1_WB_Wght_Q9
001653d8 00000040 r silk_NLSF_CB1_iCDF_WB
00165418 00000048 r silk_NLSF_CB2_BITS_WB_Q5
00165460 00000100 r silk_NLSF_CB2_SELECT_WB
00165560 00000048 r silk_NLSF_CB2_iCDF_WB
001655a8 00000028 R silk_NLSF_CB_WB
001655d0 00000022 r silk_NLSF_DELTA_MIN_WB_Q15
001655f4 0000001e r silk_NLSF_PRED_WB_Q8
00165614 00000003 R silk_pitch_contour_10_ms_NB_iCDF
00165618 0000000c R silk_pitch_contour_10_ms_iCDF
00165624 0000000b R silk_pitch_contour_NB_iCDF
00165630 00000022 R silk_pitch_contour_iCDF
00165654 00000015 R silk_pitch_delta_iCDF
0016566c 00000020 R silk_pitch_lag_iCDF
0016568c 000000b4 R silk_pulses_per_block_iCDF
00165740 00000012 R silk_rate_levels_iCDF
00165754 00000098 R silk_shell_code_table0
001657ec 00000098 R silk_shell_code_table1
00165884 00000098 R silk_shell_code_table2
0016591c 00000098 R silk_shell_code_table3
001659b4 00000011 R silk_shell_code_table_offsets
001659c8 0000002a R silk_sign_iCDF
001659f4 0000000a r ordering10.8179
00165a00 00000010 r ordering16.8178
00165a10 0000002c R silk_CB_lags_stage2
00165a3c 00000006 R silk_CB_lags_stage2_10_ms
00165a44 00000088 R silk_CB_lags_stage3
00165acc 00000018 R silk_CB_lags_stage3_10_ms
00165ae4 00000102 R silk_LSFCosTab_FIX_Q12
00165be8 00000080 r npio2_hw
00165c68 00000108 r two_over_pi
00165d70 00000040 r PIo2
00165db0 00000010 r init_jk
00165dc0 00000870 R __exp_data
00166630 00000009 V typeinfo name for b2Shape
0016663c 00000008 V typeinfo for b2Shape
00166644 0000000c R typeinfo for b2CircleShape
00166650 00000010 R typeinfo name for b2CircleShape
00166660 00000028 R vtable for b2CircleShape
00166688 0000000c R typeinfo for b2PolygonShape
00166694 00000011 R typeinfo name for b2PolygonShape
001666a8 00000028 R vtable for b2PolygonShape
001666d0 00000038 r b2_blockSizes
00166708 00000014 V typeinfo name for b2ContactListener
0016671c 00000008 V typeinfo for b2ContactListener
00166724 00000020 V vtable for b2ContactListener
00166744 00000008 R typeinfo for b2ContactFilter
0016674c 00000012 R typeinfo name for b2ContactFilter
00166760 00000014 R vtable for b2ContactFilter
00166774 0000000b V typeinfo name for b2Contact
00166780 00000008 V typeinfo for b2Contact
00166788 00000014 V vtable for b2Contact
0016679c 0000000c R typeinfo for b2EdgeAndCircleContact
001667a8 00000019 R typeinfo name for b2EdgeAndCircleContact
001667c4 00000014 R vtable for b2EdgeAndCircleContact
001667d8 0000000c R typeinfo for b2EdgeAndPolygonContact
001667e4 0000001a R typeinfo name for b2EdgeAndPolygonContact
00166800 00000014 R vtable for b2EdgeAndPolygonContact
00166814 0000000c R typeinfo for b2PolygonAndCircleContact
00166820 0000001c R typeinfo name for b2PolygonAndCircleContact
0016683c 00000014 R vtable for b2PolygonAndCircleContact
00166850 0000000c R typeinfo for b2PolygonContact
0016685c 00000013 R typeinfo name for b2PolygonContact
00166870 00000014 R vtable for b2PolygonContact
00166884 0000000c R typeinfo for b2ChainAndCircleContact
00166890 0000001a R typeinfo name for b2ChainAndCircleContact
001668ac 00000014 R vtable for b2ChainAndCircleContact
001668c0 0000000c R typeinfo for b2ChainAndPolygonContact
001668cc 0000001b R typeinfo name for b2ChainAndPolygonContact
001668e8 00000014 R vtable for b2ChainAndPolygonContact
001668fc 0000000c R typeinfo for b2CircleContact
00166908 00000012 R typeinfo name for b2CircleContact
0016691c 00000014 R vtable for b2CircleContact
00166930 0000000c R typeinfo for b2EdgeShape
0016693c 0000000e R typeinfo name for b2EdgeShape
0016694c 00000028 R vtable for b2EdgeShape
00166974 00000022 R typeinfo name for __cxxabiv1::__class_type_info
00166998 0000000c R typeinfo for __cxxabiv1::__class_type_info
001669a4 0000002c R vtable for __cxxabiv1::__class_type_info
001669d0 0000000d R typeinfo name for std::exception
001669e0 00000008 R typeinfo for std::exception
001669e8 00000012 R typeinfo name for std::bad_exception
001669fc 0000000c R typeinfo for std::bad_exception
00166a08 00000020 R typeinfo name for __cxxabiv1::__forced_unwind
00166a28 00000008 R typeinfo for __cxxabiv1::__forced_unwind
00166a30 00000024 R typeinfo name for __cxxabiv1::__foreign_exception
00166a54 00000008 R typeinfo for __cxxabiv1::__foreign_exception
00166a5c 00000014 R vtable for std::bad_exception
00166a84 00000027 V typeinfo name for __gnu_cxx::__concurrence_lock_error
00166aac 0000000c V typeinfo for __gnu_cxx::__concurrence_lock_error
00166ab8 00000029 V typeinfo name for __gnu_cxx::__concurrence_unlock_error
00166ae4 0000000c V typeinfo for __gnu_cxx::__concurrence_unlock_error
00166af0 0000002c V typeinfo name for __gnu_cxx::__concurrence_broadcast_error
00166b1c 0000000c V typeinfo for __gnu_cxx::__concurrence_broadcast_error
00166b28 00000027 V typeinfo name for __gnu_cxx::__concurrence_wait_error
00166b50 0000000c V typeinfo for __gnu_cxx::__concurrence_wait_error
00166b5c 00000014 V vtable for __gnu_cxx::__concurrence_lock_error
00166b70 00000014 V vtable for __gnu_cxx::__concurrence_unlock_error
00166b84 00000014 V vtable for __gnu_cxx::__concurrence_broadcast_error
00166b98 00000014 V vtable for __gnu_cxx::__concurrence_wait_error
00166bac 00000023 R typeinfo name for __gnu_cxx::recursive_init_error
00166bd0 0000000c R typeinfo for __gnu_cxx::recursive_init_error
00166bdc 00000014 R vtable for __gnu_cxx::recursive_init_error
00166bf0 00000025 R typeinfo name for __cxxabiv1::__si_class_type_info
00166c18 0000000c R typeinfo for __cxxabiv1::__si_class_type_info
00166c24 0000002c R vtable for __cxxabiv1::__si_class_type_info
00166c50 0000000d R typeinfo name for std::type_info
00166c60 00000008 R typeinfo for std::type_info
00166c68 00000019 R typeinfo name for std::_V2::error_category
00166c84 00000008 R typeinfo for std::_V2::error_category
00166c8c 00000011 R typeinfo name for std::system_error
00166ca0 0000000c R typeinfo for std::system_error
00166cac 0000000c r typeinfo for (anonymous namespace)::generic_error_category
00166cb8 0000002a r typeinfo name for (anonymous namespace)::generic_error_category
00166ce4 00000014 R vtable for std::system_error
00166cf8 00000028 r vtable for (anonymous namespace)::generic_error_category
00166d20 0000000d R typeinfo name for std::bad_alloc
00166d30 0000000c R typeinfo for std::bad_alloc
00166d3c 00000014 R vtable for std::bad_alloc
00166d50 00000010 R typeinfo name for std::logic_error
00166d60 0000000c R typeinfo for std::logic_error
00166d6c 00000011 R typeinfo name for std::length_error
00166d80 0000000c R typeinfo for std::length_error
00166d8c 00000012 R typeinfo name for std::runtime_error
00166da0 0000000c R typeinfo for std::runtime_error
00166dac 00000014 R vtable for std::logic_error
00166dc0 00000014 R vtable for std::length_error
00166dd4 00000014 R vtable for std::runtime_error
00166f28 00000010 r zeroes.0
00166f38 00000010 r blanks.1
00166f50 00000101 R _ctype_
00167054 0000006c R __action_table
001670c0 0000006c R __state_table
0016712c 00000100 R __chclass
001672bc 0000000c r p05.0
001672c8 00000028 R __mprec_bigtens
001672f0 000000c8 R __mprec_tens
001674a4 00000010 r zeroes.0
001674b4 00000010 r blanks.1
001674c4 00000080 R dotab_stdnull
00167544 R __tdata_align
00167548 r __EH_FRAME_BEGIN__
001678c8 R __exidx_start
00167f48 R __exidx_end
00168000 00000004 D basescore
00168004 00000004 D maxtime
00168008 00000001 D redrawTop
00168009 00000001 D redrawBottom
0016800c 00000004 D multiplier
00168010 00000004 d collisionListener
00168014 00000008 d framerateCounter
0016801c 00000004 d framerate
00168020 00000004 d sock
00168024 00000004 d queueLock
00168028 00000004 d aptChainloadDeliverArgSize
0016802c 00000004 d kCount
00168030 00000004 d kInterval
00168034 00000004 d kDelay
00168038 00000080 d soc_devoptab
001680b8 W __stacksize__
001680bc 00000004 D b2_defaultFilter
001680c0 00000004 D b2_defaultListener
001680c4 00000001 D g_blockSolve
001680c8 00000004 D __cxxabiv1::__unexpected_handler
001680cc 00000004 d (anonymous namespace)::generic_category_instance
001680d0 00000004 D __cxxabiv1::__terminate_handler
001680d4 0000000c D __sglue
001680e0 00000004 D __malloc_sbrk_base
001680e4 00000004 D __malloc_trim_threshold
001680e8 00000408 D __malloc_av_
001684f0 00000004 D _impure_ptr
001684f8 00000140 D _impure_data
00168638 0000016c D __global_locale
001687a4 00000004 D environ
001687a8 00000400 d _current_working_directory
00168ba8 00001000 d handles
00169ba8 0000000c d __stderr_handle
00169bb4 0000000c d __stdout_handle
00169bc0 0000000c d __stdin_handle
00169bcc 0000008c D devoptab_list
00169c58 00000004 d defaultDevice
00169c64 d _GLOBAL_OFFSET_TABLE_
00169c70 d __frame_dummy_init_array_entry
00169c70 D __init_array_start
00169c70 B __preinit_array_end
00169c70 B __preinit_array_start
00169c70 D __tdata_lma
00169c70 D __tdata_lma_end
00169c8c d __do_global_dtors_aux_fini_array_entry
00169c8c D __fini_array_start
00169c8c D __init_array_end
00169c98 D __bss_start__
00169c98 D __fini_array_end
00169c98 00000004 b opusFile
00169c9c 00000001 b quit
00169ca0 00000008 b audioEvent
00169ca8 00000048 b waveBufs
00169cf0 00000004 b audioThreadId
00169cf4 00000004 b audioBuf
00169cf8 000009c4 b getRandomBartType()::rd
0016a6bc 00000018 b getRandomBartType()::dist
0016a6d4 00000be0 B barts
0016b2b4 00000004 B firstBart
0016b2b8 00000004 B roundtimer
0016b2bc 00000004 b guard variable for getRandomBartType()::rd
0016b2c0 00000004 b guard variable for getRandomBartType()::gen
0016b2c4 000009c4 b getRandomBartType()::gen
0016bc88 00000004 b guard variable for getRandomBartType()::dist
0016bc90 00000008 b lastTime
0016bc98 00000004 b deltaTime
0016bca0 00000020 B scenemanager
0016bcc0 0000002c B startButton
0016bcec 00000004 b font
0016bcf0 0000002c B howtoplayButton
0016bd1c 0000004c B Multiplier
0016bd68 00000004 B score
0016bd6c 0000004c B scoreText
0016bdb8 00000004 B selectedBarts
0016bdbc 0000004c B selectedText
0016be08 00000044 b spriteManager
0016be4c 00000004 b SOC_buffer
0016be50 00000078 B mainmenuSprites
0016bec8 00000004 B touch
0016becc 00000004 B bartphase
0016bed0 00000004 B kDown
0016bed4 00000004 B kHeld
0016bed8 00000002 B touchX
0016beda 00000001 B startcounting
0016bedc 00000004 B totalScore
0016bee0 00000004 B gamestate
0016bee4 00000004 b world
0016bee8 00000004 b playerBody
0016beec 00000001 B isFrozen
0016beed b completed.1
0016bef0 b object.0
0016bf08 000005a8 B __C2Di_Context
0016c4b0 00000040 b s_projBot
0016c4f0 00000040 b s_projTop
0016c530 00000004 b uLoc_mdlvMtx
0016c534 00000004 b uLoc_projMtx
0016c538 00000004 b s_glyphSheets
0016c53c 00000004 b s_textScale
0016c540 0000000c b hookCookie
0016c550 000002d0 B __C3D_Context
0016c820 00000004 b frameEndCbData
0016c824 00000004 b frameEndCb
0016c828 00000008 b frameCounter
0016c830 00000001 b isTopStereo
0016c831 00000001 b needSwapBot
0016c832 00000001 b needSwapTop
0016c833 00000001 b measureGpuTime
0016c834 00000001 b inSafeTransfer
0016c835 00000001 b inFrame
0016c838 00000010 b cpuTime
0016c848 00000010 b gpuTime
0016c858 0000000c b linkedTarget
0016c864 00000004 b lastTarget
0016c868 00000004 b firstTarget
0016c86c 00000008 b C3Di_IVUnifEverDirty
0016c874 000000c0 b C3Di_FVUnifEverDirty
0016c934 00000018 b C3Di_ShaderFVecData
0016c94c 00000002 B C3D_BoolUnifsDirty
0016c950 00000008 B C3D_IVUnifDirty
0016c958 000000c0 B C3D_FVUnifDirty
0016ca18 00000004 B C3D_BoolUnifs
0016ca1c 00000020 B C3D_IVUnif
0016ca3c 00000c00 B C3D_FVUnif
0016d640 00000008 b sLinearPool
0016d648 0000000c b sAddrMap
0016d658 00000008 b sVramPoolB
0016d660 00000008 b sVramPoolA
0016d668 0000000c b sAddrMap
0016d674 00000004 B __3dslink_host
0016d678 00000004 b sharedFontAddr
0016d67c 00000004 B g_sharedFont
0016d680 00000004 b screenAlloc
0016d684 00000004 b screenFree
0016d688 00000002 b gfxIsDoubleBuf
0016d68c 00000002 b gfxCurBuf
0016d68e 00000001 b gfxIsVram
0016d68f 00000001 b gfxTopMode
0016d690 00000002 b gfxFramebufferFormats
0016d694 00000004 b gfxBottomFramebufferMaxSize
0016d698 00000004 b gfxTopFramebufferMaxSize
0016d6a0 00000008 b gfxBottomFramebuffers
0016d6a8 00000008 b gfxTopFramebuffers
0016d6b0 00000001 V __ctru_speedup
0016d6b4 00000004 b romfs_mount_list
0016d6b8 00000004 V __romfs_path
0016d6bc 00000004 b arbiter
0016d6c0 00000004 B gpuCmdBufOffset
0016d6c4 00000004 B gpuCmdBufSize
0016d6c8 00000004 B gpuCmdBuf
0016d6cc 00000004 b boundQueue
0016d6d0 00000001 b shouldStop
0016d6d1 00000001 b isRunning
0016d6d2 00000001 b isActive
0016d6d4 00000004 b curQueue
0016d6d8 00000004 b ndspRefCount
0016d6dc 00000048 b ndspMaster
0016d724 00000004 b ndspThread
0016d728 00000001 b ndspThreadRun
0016d72c 00001080 b dspVar5Backup
0016e7ac 00000004 b ndspMutex
0016e7b0 00000008 b sleepEvent
0016e7b8 00000004 b dspSem
0016e7bc 00000004 b irqEvent
0016e7c0 00000008 b ndspHookCookie
0016e7c8 00000001 b componentFree
0016e7ca 00000002 b componentDataMask
0016e7cc 00000002 b componentProgMask
0016e7d0 00000004 b componentSize
0016e7d4 00000004 b componentBin
0016e7d8 00000004 b frameCount
0016e7dc 00000004 b droppedFrames
0016e7e0 00000001 b bCancelReceived
0016e7e1 00000001 b bSleeping
0016e7e2 00000001 b bEnteringSleep
0016e7e3 00000001 b bDspReady
0016e7e4 00000080 B ndspVars
0016e864 00000002 B ndspBufferId
0016e866 00000002 B ndspBufferCurId
0016e868 00000002 B ndspFrameId
0016e870 00000c60 b ndspChn
0016f4d0 00000001 b flagValue.0
0016f4d1 00000001 b flagInit.1
0016f4d4 00000004 b serviceName.6
0016f4d8 00000001 b aptChainloadFlags
0016f4d9 00000001 b aptChainloadMediatype
0016f4dc 00000020 b aptChainloadHmac
0016f4fc 00000300 b aptChainloadDeliverArg
0016f800 00000008 b aptChainloadTid
0016f808 00001000 b aptParameters
00170808 00000004 b aptFlags
0017080c 00000001 b aptHomeButtonState
00170810 00000004 b aptMessageFuncData
00170814 00000004 b aptMessageFunc
00170818 0000000c b aptFirstHook
00170824 00000001 b aptEventHandlerThreadQuit
00170828 00000004 b aptEventHandlerThread
0017082c 00000008 b aptSleepEvent
00170834 00000008 b aptReceiveEvent
0017083c 00000008 b aptEvents
00170844 00000004 b aptLockHandle
00170848 00000004 b aptRefCount
0017084c 00000004 b cfguRefCount
00170850 00000004 b cfguHandle
00170854 00000002 b dspSavedCompDataMask
00170856 00000002 b dspSavedCompProgMask
00170858 00000004 b dspSavedCompSize
0017085c 00000004 b dspSavedCompBin
00170860 00000001 b dspSleeping
00170861 00000001 b dspComponentLoaded
00170864 00000008 b dspFirstHook
0017086c 00000004 b dspRefCount
00170870 00000004 b dspHandle
00170878 00000080 b fsExemptArchives
001708f8 00000004 b fsuRefCount
001708fc 00000004 b fsuHandle
00170900 00000007 b gspEventCbOneShot
00170908 0000001c b gspEventCbData
00170924 0000001c b gspEventCb
00170940 00000038 b gspEvents
00170978 00000004 b gspLastEvent
0017097c 00000001 b gspRunEvents
00170980 00000004 b gspEventThread
00170984 00000004 b gspEvent
00170988 00000001 b gspGpuRight
00170989 00000001 b gspThreadId
0017098c 00000004 b gspSharedMem
00170990 00000004 b gspSharedMemHandle
00170994 00000004 b gspRefCount
00170998 00000004 b gspGpuHandle
0017099c 00000001 b usingIrrst
001709a0 00000004 b hidRefCount
001709a4 00000006 b gRate
001709ac 00000006 b aVec
001709b4 00000004 b cPos
001709b8 00000004 b tPos
001709bc 00000004 b kRepeat
001709c0 00000004 b kUp
001709c4 00000004 b kDown
001709c8 00000004 b kHeld
001709cc 00000004 b kOld
001709d0 00000004 B hidSharedMem
001709d4 00000014 B hidEvents
001709e8 00000004 B hidMemHandle
001709ec 00000004 B hidHandle
001709f0 00000004 b irrstRefCount
001709f4 00000004 b csPos
001709f8 00000004 b kHeld
001709fc 00000004 B irrstSharedMem
00170a00 00000004 B irrstEvent
00170a04 00000004 B irrstMemHandle
00170a08 00000004 B irrstHandle
00170a0c 00000004 b ptmSysmRefCount
00170a10 00000004 b ptmSysmHandle
00170a14 00000004 V __ctru_linear_heap_size
00170a18 00000004 V __ctru_heap_size
00170a1c 00000004 B __ctru_linear_heap
00170a20 00000004 B __ctru_heap
00170a24 00000004 B __system_retAddr
00170a28 00000004 B __system_argv
00170a2c 00000004 B __system_argc
00170a30 b saved_stack
00170a38 00000004 b srvRefCount
00170a3c 00000004 b srvHandle
00170a40 00000004 b currentAddr
00170a44 00000004 b maxAddr
00170a48 00000004 b minAddr
00170a4c 00000004 b srvPmHandle
00170a50 00000004 B socMemhandle
00170a54 00000004 B SOCU_handle
00170a58 000005c0 b archive_devices
00171018 00000004 b archive_device_cwd
0017101c 00000001 b archive_initialized
00171020 00000281 b b2_sizeMap
001712a4 00000008 B b2Vec2_zero
001712ac 00000004 B b2_gjkCalls
001712b0 00000004 B b2_gjkIters
001712b4 00000004 B b2_gjkMaxIters
001712b8 00000004 B b2_toiCalls
001712bc 00000004 B b2_toiIters
001712c0 00000004 B b2_toiMaxIters
001712c4 00000004 B b2_toiMaxRootIters
001712c8 00000004 B b2_toiMaxTime
001712cc 00000004 B b2_toiRootIters
001712d0 00000004 B b2_toiTime
001712d4 000000c0 B b2Contact::s_registers
00171394 00000001 B b2Contact::s_initialized
00171398 00000004 b init
0017139c 00000001 B __eh_globals_init::_S_init
001713a0 0000000c b (anonymous namespace)::eh_globals
001713ac 00000004 b (anonymous namespace)::get_static_cond()::once
001713b0 00000008 b (anonymous namespace)::fake_cond
001713b8 00000004 b (anonymous namespace)::static_cond
001713bc 00000004 b (anonymous namespace)::get_static_mutex()::once
001713c0 00000010 b (anonymous namespace)::fake_mutex
001713d0 00000004 b (anonymous namespace)::static_mutex
001713d8 0000001c b (anonymous namespace)::emergency_pool
001713f4 00000004 b (anonymous namespace)::__new_handler
001713f8 00000010 V std::string::_Rep::_S_empty_rep_storage
00171408 0000000c b __sfp_recursive_mutex
00171418 00000168 B __sf
00171580 00000004 B __stdio_exit_handler
00171584 00000028 B __malloc_current_mallinfo
001715ac 00000004 B __malloc_max_total_mem
001715b0 00000004 B __malloc_max_sbrked_mem
001715b4 00000004 B __malloc_top_pad
001715b8 0000000c b __malloc_recursive_mutex
001715c4 0000000c b __env_recursive_mutex
001715d0 00000004 b initial_env
001715d4 00000190 B __atexit0
00171764 00000004 B __atexit
00171768 0000000c B __atexit_recursive_mutex
00171774 00000400 b temp_cwd
00171b74 00000004 b __hndl_lock
00171b78 00000004 B fake_heap_start
00171b7c 00000004 B fake_heap_end
00171b80 00000004 b heap_start.0
00171b84 B __tls_start
0017278c B __bss_end__
0017278c A __end__
0017278c B __tls_end
